#
# A fatal error has been detected by the Java Runtime Environment:
#
#  EXCEPTION_ACCESS_VIOLATION (0xc0000005) at pc=0x00007ffbf6557062, pid=16308, tid=17560
#
# JRE version: OpenJDK Runtime Environment (11.0.10) (build 11.0.10+0-b96-7249189)
# Java VM: OpenJDK 64-Bit Server VM (11.0.10+0-b96-7249189, mixed mode, tiered, compressed oops, g1 gc, windows-amd64)
# Problematic frame:
# V  [jvm.dll+0x507062]
#
# No core dump will be written. Minidumps are not enabled by default on client versions of Windows
#
# If you would like to submit a bug report, please visit:
#   https://bugreport.java.com/bugreport/crash.jsp
#

---------------  S U M M A R Y ------------

Command Line: --add-opens=java.base/java.util=ALL-UNNAMED --add-opens=java.base/java.lang=ALL-UNNAMED --add-opens=java.base/java.lang.invoke=ALL-UNNAMED --add-opens=java.prefs/java.util.prefs=ALL-UNNAMED -Xmx2048m -Dfile.encoding=UTF-8 -Duser.country=CO -Duser.language=es -Duser.variant org.gradle.launcher.daemon.bootstrap.GradleDaemon 6.7.1

Host: Intel(R) Core(TM) i5-3470 CPU @ 3.20GHz, 4 cores, 11G,  Windows 10 , 64 bit Build 19041 (10.0.19041.1348)
Time: Mon Dec 13 00:08:54 2021 Hora est. Pacífico, Sudamérica elapsed time: 56.409785 seconds (0d 0h 0m 56s)

---------------  T H R E A D  ---------------

Current thread (0x000001b4747ae000):  JavaThread "C2 CompilerThread0" daemon [_thread_in_native, id=17560, stack(0x0000003eff700000,0x0000003eff800000)]


Current CompileTask:
C2:  56409 12632   !   4       java.nio.file.FileTreeWalker::getAttributes (126 bytes)

Stack: [0x0000003eff700000,0x0000003eff800000],  sp=0x0000003eff7fb410,  free space=1005k
Native frames: (J=compiled Java code, j=interpreted, Vv=VM code, C=native code)
V  [jvm.dll+0x507062]
V  [jvm.dll+0x506e28]
V  [jvm.dll+0x506347]
V  [jvm.dll+0x1fc985]
V  [jvm.dll+0x1fa77f]
V  [jvm.dll+0x18354c]
V  [jvm.dll+0x208ee7]
V  [jvm.dll+0x207731]
V  [jvm.dll+0x6eb1cf]
V  [jvm.dll+0x6e3d45]
V  [jvm.dll+0x5ebe96]
C  [ucrtbase.dll+0x21bb2]
C  [KERNEL32.DLL+0x17034]
C  [ntdll.dll+0x52651]


siginfo: EXCEPTION_ACCESS_VIOLATION (0xc0000005), reading address 0x000001b46a7a57c0


Register to memory mapping:

RIP=0x00007ffbf6557062 jvm.dll
RAX=0x000001b47cf1bdc0 points into unknown readable memory: 0x0000000000000000 | 00 00 00 00 00 00 00 00
RBX=0x000001b46a7a57b8 is an unknown value
RCX=0x0000000000001c3f is an unknown value
RDX=0x000001b47a7a5829 points into unknown readable memory: 42 83 f6 fb 7f 00 00
RSP=0x0000003eff7fb410 is pointing into the stack for thread: 0x000001b4747ae000
RBP=0x0 is NULL
RSI=0x000001b47a7a5828 points into unknown readable memory: 0x00007ffbf6834288 | 88 42 83 f6 fb 7f 00 00
RDI=0x0000003eff7fba70 is pointing into the stack for thread: 0x000001b4747ae000
R8 =0x000001b47cf29fb8 points into unknown readable memory: 0x000001b46a7a57b8 | b8 57 7a 6a b4 01 00 00
R9 =0x0 is NULL
R10=0xfefefefefefefeff is an unknown value
R11=0x8080808080808080 is an unknown value
R12=0x000001b47a7a54a0 points into unknown readable memory: 0x00007ffbf6834288 | 88 42 83 f6 fb 7f 00 00
R13=0x0000003eff7fb4e0 is pointing into the stack for thread: 0x000001b4747ae000
R14=0x000001b47a7a5c98 points into unknown readable memory: 0x00007ffbf682ddc8 | c8 dd 82 f6 fb 7f 00 00
R15=0x000001b47a7a5c98 points into unknown readable memory: 0x00007ffbf682ddc8 | c8 dd 82 f6 fb 7f 00 00


Registers:
RAX=0x000001b47cf1bdc0, RBX=0x000001b46a7a57b8, RCX=0x0000000000001c3f, RDX=0x000001b47a7a5829
RSP=0x0000003eff7fb410, RBP=0x0000000000000000, RSI=0x000001b47a7a5828, RDI=0x0000003eff7fba70
R8 =0x000001b47cf29fb8, R9 =0x0000000000000000, R10=0xfefefefefefefeff, R11=0x8080808080808080
R12=0x000001b47a7a54a0, R13=0x0000003eff7fb4e0, R14=0x000001b47a7a5c98, R15=0x000001b47a7a5c98
RIP=0x00007ffbf6557062, EFLAGS=0x0000000000010297

Top of Stack: (sp=0x0000003eff7fb410)
0x0000003eff7fb410:   000001b47a7a5da8 000001b47a7a5c98
0x0000003eff7fb420:   000001b4796f50f8 0000003e00000003
0x0000003eff7fb430:   000001b47a7a5c98 0000000000000001
0x0000003eff7fb440:   0000003eff7fb570 00007ffbf6556e28
0x0000003eff7fb450:   000001b47a7a5da8 0000003eff7fb5c0
0x0000003eff7fb460:   0000000000000b44 0000003eff7fb508
0x0000003eff7fb470:   0000003eff7fc448 00007ffbf661c470
0x0000003eff7fb480:   000001b4747a84a0 0000000000000004
0x0000003eff7fb490:   000001b47906d730 0000003eff7fb5c0
0x0000003eff7fb4a0:   0000000000000000 0000000000000002
0x0000003eff7fb4b0:   0000003eff7fba70 00007ffbf6556347
0x0000003eff7fb4c0:   0000003eff7fba70 0000000000000001
0x0000003eff7fb4d0:   0000000000000001 0000003eff7fb570
0x0000003eff7fb4e0:   000001b4747a84a0 0000000000001000
0x0000003eff7fb4f0:   000001b47a303330 000001b400000b45
0x0000003eff7fb500:   0000000000000004 00007ffbf68bde48 

Instructions: (pc=0x00007ffbf6557062)
0x00007ffbf6556f62:   49 8b d6 48 8b 6c 24 48 48 8b 5c 24 40 48 83 c4
0x00007ffbf6556f72:   28 41 5e 5f e9 05 d5 b7 ff 49 8b 06 49 8b ce ff
0x00007ffbf6556f82:   50 10 84 c0 74 30 41 8b 5e 28 3b 5f 28 72 0b 8b
0x00007ffbf6556f92:   d3 48 8d 4f 20 e8 24 54 0c 00 48 8b 47 30 33 ed
0x00007ffbf6556fa2:   48 89 2c d8 48 8b 6c 24 48 48 8b 5c 24 40 48 83
0x00007ffbf6556fb2:   c4 28 41 5e 5f c3 48 89 74 24 50 49 8b d6 48 8b
0x00007ffbf6556fc2:   cf 4c 89 64 24 58 e8 33 dd fe ff 4c 8b c0 49 8b
0x00007ffbf6556fd2:   d6 48 8b cf 4c 8b e0 e8 22 2d 00 00 48 8b d8 48
0x00007ffbf6556fe2:   85 c0 75 53 41 8b 5e 28 3b 5f 28 72 0b 8b d3 48
0x00007ffbf6556ff2:   8d 4f 20 e8 c6 53 0c 00 48 8b 47 30 33 ed 48 89
0x00007ffbf6557002:   2c d8 8b 9f d0 09 00 00 8d 43 01 89 87 d0 09 00
0x00007ffbf6557012:   00 3b 9f c0 09 00 00 72 0e 8b d3 48 8d 8f b8 09
0x00007ffbf6557022:   00 00 e8 97 53 0c 00 48 8b 87 c8 09 00 00 4c 89
0x00007ffbf6557032:   34 d8 e9 1c 02 00 00 33 ed 4c 89 7c 24 20 48 8b
0x00007ffbf6557042:   f0 4c 3b e0 0f 84 7a 01 00 00 0f 1f 40 00 8b 4b
0x00007ffbf6557052:   28 48 8b 87 f8 09 00 00 48 8b 1c c8 4c 8d 04 c8
0x00007ffbf6557062:   48 8b 43 08 48 39 28 75 28 8b 57 28 66 90 8b 43
0x00007ffbf6557072:   28 3b c2 73 0c 8b c8 48 8b 47 30 48 8b 1c c8 eb
0x00007ffbf6557082:   03 48 8b dd 48 83 e3 fe 48 8b 43 08 48 39 28 74
0x00007ffbf6557092:   dd 49 89 18 8b 53 28 3b 57 28 73 1a 48 8b 47 30
0x00007ffbf65570a2:   48 39 2c d0 74 10 3b 57 28 73 06 4c 8b 3c d0 eb
0x00007ffbf65570b2:   0c 4c 8b fd eb 07 4c 8b bf 90 09 00 00 48 85 f6
0x00007ffbf65570c2:   75 24 4c 8d 0d cd 34 31 00 ba 02 03 00 00 4c 8d
0x00007ffbf65570d2:   05 d1 34 31 00 48 8d 0d ca 59 30 00 e8 3d b7 d3
0x00007ffbf65570e2:   ff e8 38 e7 0d 00 8b 56 28 3b 57 28 73 1a 48 8b
0x00007ffbf65570f2:   47 30 48 39 2c d0 74 10 3b 57 28 73 06 48 8b 14
0x00007ffbf6557102:   d0 eb 0c 48 8b d5 eb 07 48 8b 97 90 09 00 00 0f
0x00007ffbf6557112:   b6 42 58 48 8b cb 41 38 47 58 48 0f 43 ce 48 8b
0x00007ffbf6557122:   f1 4c 3b e3 0f 85 24 ff ff ff 49 3b cc 0f 84 91
0x00007ffbf6557132:   00 00 00 e8 d6 66 0c 00 48 85 c0 0f 84 83 00 00
0x00007ffbf6557142:   00 8b 48 2c 83 e1 7f 80 f9 60 75 78 48 8b 40 08
0x00007ffbf6557152:   48 3b 70 08 75 6e 8b 46 2c 24 0f 3c 08 75 65 33 


Stack slot to memory mapping:
stack at sp + 0 slots: 0x000001b47a7a5da8 points into unknown readable memory: 0x00007ffbf68a6a20 | 20 6a 8a f6 fb 7f 00 00
stack at sp + 1 slots: 0x000001b47a7a5c98 points into unknown readable memory: 0x00007ffbf682ddc8 | c8 dd 82 f6 fb 7f 00 00
stack at sp + 2 slots: 0x000001b4796f50f8 points into unknown readable memory: 0x00007ffbf6834288 | 88 42 83 f6 fb 7f 00 00
stack at sp + 3 slots: 0x0000003e00000003 is an unknown value
stack at sp + 4 slots: 0x000001b47a7a5c98 points into unknown readable memory: 0x00007ffbf682ddc8 | c8 dd 82 f6 fb 7f 00 00
stack at sp + 5 slots: 0x0000000000000001 is an unknown value
stack at sp + 6 slots: 0x0000003eff7fb570 is pointing into the stack for thread: 0x000001b4747ae000
stack at sp + 7 slots: 0x00007ffbf6556e28 jvm.dll


---------------  P R O C E S S  ---------------

Threads class SMR info:
_java_thread_list=0x000001b478f90460, length=149, elements={
0x000001b4583ea800, 0x000001b473f54800, 0x000001b473f5c800, 0x000001b473f4d000,
0x000001b473f4e800, 0x000001b4747a5800, 0x000001b4747ae000, 0x000001b4747b1800,
0x000001b4747b3800, 0x000001b4747b8800, 0x000001b4747ba800, 0x000001b4747b4800,
0x000001b4747b8000, 0x000001b4747b9800, 0x000001b4747b5800, 0x000001b4747b6000,
0x000001b4747b7000, 0x000001b475493800, 0x000001b475493000, 0x000001b475492000,
0x000001b475495000, 0x000001b475494800, 0x000001b475496000, 0x000001b475490800,
0x000001b475497000, 0x000001b475491000, 0x000001b475499800, 0x000001b47549a000,
0x000001b47549e000, 0x000001b47549c800, 0x000001b47549b000, 0x000001b47549b800,
0x000001b47549f000, 0x000001b476e6a000, 0x000001b476e6d000, 0x000001b476e6b800,
0x000001b476e6f000, 0x000001b476e6b000, 0x000001b476e6e000, 0x000001b476e72000,
0x000001b476e71800, 0x000001b476e6c800, 0x000001b476e74000, 0x000001b476e73000,
0x000001b476e74800, 0x000001b476e75800, 0x000001b476e6f800, 0x000001b476e76000,
0x000001b476e70800, 0x000001b476e77000, 0x000001b476e78000, 0x000001b476e78800,
0x000001b476df1000, 0x000001b476df2800, 0x000001b476df5000, 0x000001b476df3800,
0x000001b476df4800, 0x000001b476df6000, 0x000001b476df2000, 0x000001b476df0000,
0x000001b476df9000, 0x000001b476df6800, 0x000001b476dfd000, 0x000001b476df7800,
0x000001b476df8800, 0x000001b476dfc800, 0x000001b476dfb000, 0x000001b476dff000,
0x000001b476dfe000, 0x000001b476dfa000, 0x000001b476dfb800, 0x000001b47741f000,
0x000001b477420000, 0x000001b47741e000, 0x000001b477421800, 0x000001b477425000,
0x000001b477423000, 0x000001b477422800, 0x000001b477424000, 0x000001b477425800,
0x000001b477426800, 0x000001b477420800, 0x000001b47742a800, 0x000001b47742b800,
0x000001b47742d000, 0x000001b477427000, 0x000001b47742c000, 0x000001b477428000,
0x000001b477429000, 0x000001b477429800, 0x000001b47910a000, 0x000001b479109000,
0x000001b47910a800, 0x000001b479105000, 0x000001b479107800, 0x000001b47910b800,
0x000001b479106000, 0x000001b479106800, 0x000001b47910d000, 0x000001b47910c800,
0x000001b47910e000, 0x000001b479108800, 0x000001b47910f000, 0x000001b479113000,
0x000001b47910f800, 0x000001b479110800, 0x000001b479111000, 0x000001b479112000,
0x000001b479113800, 0x000001b476d89000, 0x000001b476d83800, 0x000001b476d86800,
0x000001b476d84000, 0x000001b476d88000, 0x000001b476d85800, 0x000001b476d87800,
0x000001b476d85000, 0x000001b476d8d000, 0x000001b476d8b800, 0x000001b476d8f800,
0x000001b476d8e000, 0x000001b476d8e800, 0x000001b476d8c000, 0x000001b476d8a000,
0x000001b476d90800, 0x000001b476d8a800, 0x000001b476d91000, 0x000001b476d92000,
0x000001b478c90000, 0x000001b478c91000, 0x000001b478c93000, 0x000001b478c94000,
0x000001b478c91800, 0x000001b478c92800, 0x000001b478c8f000, 0x000001b478c98000,
0x000001b478c97800, 0x000001b478c9a800, 0x000001b478c95800, 0x000001b478c99000,
0x000001b478c9b800, 0x000001b478c9c000, 0x000001b478c96800, 0x000001b478c9d000,
0x000001b4791e4800, 0x000001b4791df000, 0x000001b4791e5800, 0x000001b4791e2000,
0x000001b47a28c000
}

Java Threads: ( => current thread )
  0x000001b4583ea800 JavaThread "main" [_thread_blocked, id=10964, stack(0x0000003efeb00000,0x0000003efec00000)]
  0x000001b473f54800 JavaThread "Reference Handler" daemon [_thread_blocked, id=10252, stack(0x0000003eff200000,0x0000003eff300000)]
  0x000001b473f5c800 JavaThread "Finalizer" daemon [_thread_blocked, id=5604, stack(0x0000003eff300000,0x0000003eff400000)]
  0x000001b473f4d000 JavaThread "Signal Dispatcher" daemon [_thread_blocked, id=15892, stack(0x0000003eff400000,0x0000003eff500000)]
  0x000001b473f4e800 JavaThread "Attach Listener" daemon [_thread_blocked, id=14300, stack(0x0000003eff500000,0x0000003eff600000)]
  0x000001b4747a5800 JavaThread "Service Thread" daemon [_thread_blocked, id=14816, stack(0x0000003eff600000,0x0000003eff700000)]
=>0x000001b4747ae000 JavaThread "C2 CompilerThread0" daemon [_thread_in_native, id=17560, stack(0x0000003eff700000,0x0000003eff800000)]
  0x000001b4747b1800 JavaThread "C1 CompilerThread0" daemon [_thread_blocked, id=17608, stack(0x0000003eff800000,0x0000003eff900000)]
  0x000001b4747b3800 JavaThread "Sweeper thread" daemon [_thread_blocked, id=13032, stack(0x0000003eff900000,0x0000003effa00000)]
  0x000001b4747b8800 JavaThread "Common-Cleaner" daemon [_thread_blocked, id=6464, stack(0x0000003effa00000,0x0000003effb00000)]
  0x000001b4747ba800 JavaThread "Daemon health stats" [_thread_blocked, id=17820, stack(0x0000003e80000000,0x0000003e80100000)]
  0x000001b4747b4800 JavaThread "Incoming local TCP Connector on port 64450" [_thread_in_native, id=7312, stack(0x0000003e80300000,0x0000003e80400000)]
  0x000001b4747b8000 JavaThread "Daemon periodic checks" [_thread_blocked, id=16736, stack(0x0000003e80400000,0x0000003e80500000)]
  0x000001b4747b9800 JavaThread "Daemon" [_thread_blocked, id=17704, stack(0x0000003e80500000,0x0000003e80600000)]
  0x000001b4747b5800 JavaThread "Handler for socket connection from /127.0.0.1:64450 to /127.0.0.1:64451" [_thread_in_native, id=15988, stack(0x0000003e80600000,0x0000003e80700000)]
  0x000001b4747b6000 JavaThread "Cancel handler" [_thread_blocked, id=16128, stack(0x0000003e80700000,0x0000003e80800000)]
  0x000001b4747b7000 JavaThread "Daemon worker" [_thread_blocked, id=1680, stack(0x0000003e80800000,0x0000003e80900000)]
  0x000001b475493800 JavaThread "Asynchronous log dispatcher for DefaultDaemonConnection: socket connection from /127.0.0.1:64450 to /127.0.0.1:64451" [_thread_blocked, id=4576, stack(0x0000003e80900000,0x0000003e80a00000)]
  0x000001b475493000 JavaThread "Stdin handler" [_thread_blocked, id=18332, stack(0x0000003e80a00000,0x0000003e80b00000)]
  0x000001b475492000 JavaThread "Thread-8" [_thread_blocked, id=14416, stack(0x0000003e80b00000,0x0000003e80c00000)]
  0x000001b475495000 JavaThread "Cache worker for file hash cache (C:\Users\CQ\.gradle\caches\6.7.1\fileHashes)" [_thread_blocked, id=17684, stack(0x0000003e80c00000,0x0000003e80d00000)]
  0x000001b475494800 JavaThread "File lock request listener" [_thread_in_native, id=12332, stack(0x0000003e80d00000,0x0000003e80e00000)]
  0x000001b475496000 JavaThread "Cache worker for journal cache (C:\Users\CQ\.gradle\caches\journal-1)" [_thread_blocked, id=17764, stack(0x0000003e80e00000,0x0000003e80f00000)]
  0x000001b475490800 JavaThread "Cache worker for file hash cache (C:\Users\CQ\Documents\GitHub\storeDAM\.gradle\6.7.1\fileHashes)" [_thread_blocked, id=18104, stack(0x0000003e81000000,0x0000003e81100000)]
  0x000001b475497000 JavaThread "Cache worker for checksums cache (C:\Users\CQ\Documents\GitHub\storeDAM\.gradle\checksums)" [_thread_blocked, id=17916, stack(0x0000003e81100000,0x0000003e81200000)]
  0x000001b475491000 JavaThread "Cache worker for cache directory md-supplier (C:\Users\CQ\.gradle\caches\6.7.1\md-supplier)" [_thread_blocked, id=16412, stack(0x0000003e81200000,0x0000003e81300000)]
  0x000001b475499800 JavaThread "Cache worker for cache directory md-rule (C:\Users\CQ\.gradle\caches\6.7.1\md-rule)" [_thread_blocked, id=16684, stack(0x0000003e81300000,0x0000003e81400000)]
  0x000001b47549a000 JavaThread "Cache worker for execution history cache (C:\Users\CQ\.gradle\caches\6.7.1\executionHistory)" [_thread_blocked, id=14812, stack(0x0000003e81400000,0x0000003e81500000)]
  0x000001b47549e000 JavaThread "jar transforms" [_thread_blocked, id=7204, stack(0x0000003e81500000,0x0000003e81600000)]
  0x000001b47549c800 JavaThread "Cache worker for file content cache (C:\Users\CQ\.gradle\caches\6.7.1\fileContent)" [_thread_blocked, id=2608, stack(0x0000003e81600000,0x0000003e81700000)]
  0x000001b47549b000 JavaThread "Cache worker for Build Output Cleanup Cache (C:\Users\CQ\Documents\GitHub\storeDAM\.gradle\buildOutputCleanup)" [_thread_blocked, id=8984, stack(0x0000003e81700000,0x0000003e81800000)]
  0x000001b47549b800 JavaThread "Build operations" [_thread_blocked, id=11284, stack(0x0000003e81800000,0x0000003e81900000)]
  0x000001b47549f000 JavaThread "Build operations Thread 2" [_thread_blocked, id=14780, stack(0x0000003e81900000,0x0000003e81a00000)]
  0x000001b476e6a000 JavaThread "Build operations Thread 3" [_thread_blocked, id=14808, stack(0x0000003e81a00000,0x0000003e81b00000)]
  0x000001b476e6d000 JavaThread "Build operations Thread 4" [_thread_blocked, id=248, stack(0x0000003e81b00000,0x0000003e81c00000)]
  0x000001b476e6b800 JavaThread "jar transforms Thread 2" [_thread_blocked, id=17140, stack(0x0000003e81c00000,0x0000003e81d00000)]
  0x000001b476e6f000 JavaThread "jar transforms Thread 3" [_thread_blocked, id=8784, stack(0x0000003e81d00000,0x0000003e81e00000)]
  0x000001b476e6b000 JavaThread "jar transforms Thread 4" [_thread_blocked, id=17744, stack(0x0000003e81e00000,0x0000003e81f00000)]
  0x000001b476e6e000 JavaThread "jar transforms Thread 5" [_thread_blocked, id=17228, stack(0x0000003e81f00000,0x0000003e82000000)]
  0x000001b476e72000 JavaThread "jar transforms Thread 6" [_thread_blocked, id=9356, stack(0x0000003e82000000,0x0000003e82100000)]
  0x000001b476e71800 JavaThread "jar transforms Thread 7" [_thread_blocked, id=14788, stack(0x0000003e82100000,0x0000003e82200000)]
  0x000001b476e6c800 JavaThread "jar transforms Thread 8" [_thread_blocked, id=16620, stack(0x0000003e82200000,0x0000003e82300000)]
  0x000001b476e74000 JavaThread "jar transforms Thread 9" [_thread_blocked, id=16496, stack(0x0000003e82300000,0x0000003e82400000)]
  0x000001b476e73000 JavaThread "jar transforms Thread 10" [_thread_blocked, id=13028, stack(0x0000003e82400000,0x0000003e82500000)]
  0x000001b476e74800 JavaThread "jar transforms Thread 11" [_thread_blocked, id=10444, stack(0x0000003e82500000,0x0000003e82600000)]
  0x000001b476e75800 JavaThread "jar transforms Thread 12" [_thread_blocked, id=17888, stack(0x0000003e82600000,0x0000003e82700000)]
  0x000001b476e6f800 JavaThread "jar transforms Thread 13" [_thread_blocked, id=16156, stack(0x0000003e82700000,0x0000003e82800000)]
  0x000001b476e76000 JavaThread "jar transforms Thread 14" [_thread_blocked, id=16840, stack(0x0000003e82800000,0x0000003e82900000)]
  0x000001b476e70800 JavaThread "jar transforms Thread 15" [_thread_blocked, id=14952, stack(0x0000003e82900000,0x0000003e82a00000)]
  0x000001b476e77000 JavaThread "jar transforms Thread 16" [_thread_blocked, id=17492, stack(0x0000003e82a00000,0x0000003e82b00000)]
  0x000001b476e78000 JavaThread "jar transforms Thread 17" [_thread_blocked, id=10672, stack(0x0000003e82b00000,0x0000003e82c00000)]
  0x000001b476e78800 JavaThread "jar transforms Thread 18" [_thread_blocked, id=17136, stack(0x0000003e82c00000,0x0000003e82d00000)]
  0x000001b476df1000 JavaThread "jar transforms Thread 19" [_thread_blocked, id=17872, stack(0x0000003e82d00000,0x0000003e82e00000)]
  0x000001b476df2800 JavaThread "jar transforms Thread 20" [_thread_blocked, id=2508, stack(0x0000003e82e00000,0x0000003e82f00000)]
  0x000001b476df5000 JavaThread "jar transforms Thread 21" [_thread_blocked, id=11872, stack(0x0000003e82f00000,0x0000003e83000000)]
  0x000001b476df3800 JavaThread "jar transforms Thread 22" [_thread_blocked, id=14396, stack(0x0000003e83000000,0x0000003e83100000)]
  0x000001b476df4800 JavaThread "jar transforms Thread 23" [_thread_blocked, id=11348, stack(0x0000003e83100000,0x0000003e83200000)]
  0x000001b476df6000 JavaThread "jar transforms Thread 24" [_thread_blocked, id=17188, stack(0x0000003e83200000,0x0000003e83300000)]
  0x000001b476df2000 JavaThread "jar transforms Thread 25" [_thread_blocked, id=11320, stack(0x0000003e83300000,0x0000003e83400000)]
  0x000001b476df0000 JavaThread "jar transforms Thread 26" [_thread_blocked, id=16084, stack(0x0000003e83400000,0x0000003e83500000)]
  0x000001b476df9000 JavaThread "jar transforms Thread 27" [_thread_blocked, id=15808, stack(0x0000003e83500000,0x0000003e83600000)]
  0x000001b476df6800 JavaThread "jar transforms Thread 28" [_thread_blocked, id=6952, stack(0x0000003e83600000,0x0000003e83700000)]
  0x000001b476dfd000 JavaThread "jar transforms Thread 29" [_thread_blocked, id=14216, stack(0x0000003e83700000,0x0000003e83800000)]
  0x000001b476df7800 JavaThread "jar transforms Thread 30" [_thread_blocked, id=16656, stack(0x0000003e83800000,0x0000003e83900000)]
  0x000001b476df8800 JavaThread "jar transforms Thread 31" [_thread_blocked, id=15652, stack(0x0000003e83900000,0x0000003e83a00000)]
  0x000001b476dfc800 JavaThread "jar transforms Thread 32" [_thread_blocked, id=12868, stack(0x0000003e83a00000,0x0000003e83b00000)]
  0x000001b476dfb000 JavaThread "jar transforms Thread 33" [_thread_blocked, id=17756, stack(0x0000003e83b00000,0x0000003e83c00000)]
  0x000001b476dff000 JavaThread "jar transforms Thread 34" [_thread_blocked, id=15976, stack(0x0000003e83c00000,0x0000003e83d00000)]
  0x000001b476dfe000 JavaThread "jar transforms Thread 35" [_thread_blocked, id=16440, stack(0x0000003e83d00000,0x0000003e83e00000)]
  0x000001b476dfa000 JavaThread "jar transforms Thread 36" [_thread_blocked, id=6548, stack(0x0000003e83e00000,0x0000003e83f00000)]
  0x000001b476dfb800 JavaThread "jar transforms Thread 37" [_thread_blocked, id=4592, stack(0x0000003e83f00000,0x0000003e84000000)]
  0x000001b47741f000 JavaThread "jar transforms Thread 38" [_thread_blocked, id=17240, stack(0x0000003e84000000,0x0000003e84100000)]
  0x000001b477420000 JavaThread "jar transforms Thread 39" [_thread_blocked, id=1796, stack(0x0000003e84100000,0x0000003e84200000)]
  0x000001b47741e000 JavaThread "jar transforms Thread 40" [_thread_blocked, id=16616, stack(0x0000003e84200000,0x0000003e84300000)]
  0x000001b477421800 JavaThread "jar transforms Thread 41" [_thread_blocked, id=12976, stack(0x0000003e84300000,0x0000003e84400000)]
  0x000001b477425000 JavaThread "jar transforms Thread 42" [_thread_blocked, id=17316, stack(0x0000003e84400000,0x0000003e84500000)]
  0x000001b477423000 JavaThread "jar transforms Thread 43" [_thread_blocked, id=3492, stack(0x0000003e84500000,0x0000003e84600000)]
  0x000001b477422800 JavaThread "jar transforms Thread 44" [_thread_blocked, id=16648, stack(0x0000003e84600000,0x0000003e84700000)]
  0x000001b477424000 JavaThread "jar transforms Thread 45" [_thread_blocked, id=13876, stack(0x0000003e84700000,0x0000003e84800000)]
  0x000001b477425800 JavaThread "jar transforms Thread 46" [_thread_blocked, id=11836, stack(0x0000003e84800000,0x0000003e84900000)]
  0x000001b477426800 JavaThread "jar transforms Thread 47" [_thread_blocked, id=15992, stack(0x0000003e84900000,0x0000003e84a00000)]
  0x000001b477420800 JavaThread "jar transforms Thread 48" [_thread_blocked, id=17160, stack(0x0000003e84a00000,0x0000003e84b00000)]
  0x000001b47742a800 JavaThread "jar transforms Thread 49" [_thread_blocked, id=876, stack(0x0000003e84b00000,0x0000003e84c00000)]
  0x000001b47742b800 JavaThread "jar transforms Thread 50" [_thread_blocked, id=15284, stack(0x0000003e84c00000,0x0000003e84d00000)]
  0x000001b47742d000 JavaThread "jar transforms Thread 51" [_thread_blocked, id=9968, stack(0x0000003e84d00000,0x0000003e84e00000)]
  0x000001b477427000 JavaThread "jar transforms Thread 52" [_thread_blocked, id=11484, stack(0x0000003e84e00000,0x0000003e84f00000)]
  0x000001b47742c000 JavaThread "jar transforms Thread 53" [_thread_blocked, id=16504, stack(0x0000003e84f00000,0x0000003e85000000)]
  0x000001b477428000 JavaThread "jar transforms Thread 54" [_thread_blocked, id=15040, stack(0x0000003e85000000,0x0000003e85100000)]
  0x000001b477429000 JavaThread "jar transforms Thread 55" [_thread_blocked, id=17180, stack(0x0000003e85100000,0x0000003e85200000)]
  0x000001b477429800 JavaThread "jar transforms Thread 56" [_thread_blocked, id=13396, stack(0x0000003e85200000,0x0000003e85300000)]
  0x000001b47910a000 JavaThread "jar transforms Thread 57" [_thread_blocked, id=17912, stack(0x0000003e85300000,0x0000003e85400000)]
  0x000001b479109000 JavaThread "jar transforms Thread 58" [_thread_blocked, id=12884, stack(0x0000003e85400000,0x0000003e85500000)]
  0x000001b47910a800 JavaThread "jar transforms Thread 59" [_thread_blocked, id=11224, stack(0x0000003e85500000,0x0000003e85600000)]
  0x000001b479105000 JavaThread "jar transforms Thread 60" [_thread_blocked, id=15656, stack(0x0000003e85600000,0x0000003e85700000)]
  0x000001b479107800 JavaThread "jar transforms Thread 61" [_thread_blocked, id=11356, stack(0x0000003e85700000,0x0000003e85800000)]
  0x000001b47910b800 JavaThread "jar transforms Thread 62" [_thread_blocked, id=13916, stack(0x0000003e85800000,0x0000003e85900000)]
  0x000001b479106000 JavaThread "jar transforms Thread 63" [_thread_blocked, id=1044, stack(0x0000003e85900000,0x0000003e85a00000)]
  0x000001b479106800 JavaThread "jar transforms Thread 64" [_thread_blocked, id=11132, stack(0x0000003e85a00000,0x0000003e85b00000)]
  0x000001b47910d000 JavaThread "jar transforms Thread 65" [_thread_blocked, id=1696, stack(0x0000003e85b00000,0x0000003e85c00000)]
  0x000001b47910c800 JavaThread "jar transforms Thread 66" [_thread_blocked, id=9868, stack(0x0000003e85c00000,0x0000003e85d00000)]
  0x000001b47910e000 JavaThread "jar transforms Thread 67" [_thread_blocked, id=18276, stack(0x0000003e85d00000,0x0000003e85e00000)]
  0x000001b479108800 JavaThread "jar transforms Thread 68" [_thread_blocked, id=13348, stack(0x0000003e85e00000,0x0000003e85f00000)]
  0x000001b47910f000 JavaThread "jar transforms Thread 69" [_thread_blocked, id=15408, stack(0x0000003e85f00000,0x0000003e86000000)]
  0x000001b479113000 JavaThread "jar transforms Thread 70" [_thread_blocked, id=17028, stack(0x0000003e86000000,0x0000003e86100000)]
  0x000001b47910f800 JavaThread "jar transforms Thread 71" [_thread_blocked, id=16132, stack(0x0000003e86100000,0x0000003e86200000)]
  0x000001b479110800 JavaThread "jar transforms Thread 72" [_thread_blocked, id=16080, stack(0x0000003e86200000,0x0000003e86300000)]
  0x000001b479111000 JavaThread "jar transforms Thread 73" [_thread_blocked, id=16732, stack(0x0000003e86300000,0x0000003e86400000)]
  0x000001b479112000 JavaThread "jar transforms Thread 74" [_thread_blocked, id=17496, stack(0x0000003e86400000,0x0000003e86500000)]
  0x000001b479113800 JavaThread "jar transforms Thread 75" [_thread_blocked, id=16632, stack(0x0000003e86500000,0x0000003e86600000)]
  0x000001b476d89000 JavaThread "jar transforms Thread 76" [_thread_blocked, id=14340, stack(0x0000003e86600000,0x0000003e86700000)]
  0x000001b476d83800 JavaThread "jar transforms Thread 77" [_thread_blocked, id=17564, stack(0x0000003e86700000,0x0000003e86800000)]
  0x000001b476d86800 JavaThread "jar transforms Thread 78" [_thread_blocked, id=12480, stack(0x0000003e86800000,0x0000003e86900000)]
  0x000001b476d84000 JavaThread "jar transforms Thread 79" [_thread_blocked, id=13556, stack(0x0000003e86900000,0x0000003e86a00000)]
  0x000001b476d88000 JavaThread "jar transforms Thread 80" [_thread_blocked, id=18200, stack(0x0000003e86a00000,0x0000003e86b00000)]
  0x000001b476d85800 JavaThread "jar transforms Thread 81" [_thread_blocked, id=3436, stack(0x0000003e86b00000,0x0000003e86c00000)]
  0x000001b476d87800 JavaThread "jar transforms Thread 82" [_thread_blocked, id=14924, stack(0x0000003e86c00000,0x0000003e86d00000)]
  0x000001b476d85000 JavaThread "jar transforms Thread 83" [_thread_blocked, id=15764, stack(0x0000003e86d00000,0x0000003e86e00000)]
  0x000001b476d8d000 JavaThread "jar transforms Thread 84" [_thread_blocked, id=17036, stack(0x0000003e86e00000,0x0000003e86f00000)]
  0x000001b476d8b800 JavaThread "jar transforms Thread 85" [_thread_blocked, id=6396, stack(0x0000003e86f00000,0x0000003e87000000)]
  0x000001b476d8f800 JavaThread "jar transforms Thread 86" [_thread_blocked, id=17168, stack(0x0000003e87000000,0x0000003e87100000)]
  0x000001b476d8e000 JavaThread "jar transforms Thread 87" [_thread_blocked, id=13820, stack(0x0000003e87100000,0x0000003e87200000)]
  0x000001b476d8e800 JavaThread "jar transforms Thread 88" [_thread_blocked, id=17988, stack(0x0000003e87200000,0x0000003e87300000)]
  0x000001b476d8c000 JavaThread "jar transforms Thread 89" [_thread_blocked, id=17100, stack(0x0000003e87300000,0x0000003e87400000)]
  0x000001b476d8a000 JavaThread "jar transforms Thread 90" [_thread_blocked, id=13752, stack(0x0000003e87400000,0x0000003e87500000)]
  0x000001b476d90800 JavaThread "jar transforms Thread 91" [_thread_blocked, id=14408, stack(0x0000003e87500000,0x0000003e87600000)]
  0x000001b476d8a800 JavaThread "jar transforms Thread 92" [_thread_blocked, id=16680, stack(0x0000003e87600000,0x0000003e87700000)]
  0x000001b476d91000 JavaThread "jar transforms Thread 93" [_thread_blocked, id=15024, stack(0x0000003e87700000,0x0000003e87800000)]
  0x000001b476d92000 JavaThread "jar transforms Thread 94" [_thread_blocked, id=12040, stack(0x0000003e87800000,0x0000003e87900000)]
  0x000001b478c90000 JavaThread "jar transforms Thread 95" [_thread_blocked, id=13180, stack(0x0000003e87900000,0x0000003e87a00000)]
  0x000001b478c91000 JavaThread "jar transforms Thread 96" [_thread_blocked, id=14624, stack(0x0000003e87a00000,0x0000003e87b00000)]
  0x000001b478c93000 JavaThread "jar transforms Thread 97" [_thread_blocked, id=16956, stack(0x0000003e87b00000,0x0000003e87c00000)]
  0x000001b478c94000 JavaThread "jar transforms Thread 98" [_thread_blocked, id=17400, stack(0x0000003e87c00000,0x0000003e87d00000)]
  0x000001b478c91800 JavaThread "jar transforms Thread 99" [_thread_blocked, id=13228, stack(0x0000003e87d00000,0x0000003e87e00000)]
  0x000001b478c92800 JavaThread "Memory manager" [_thread_blocked, id=11600, stack(0x0000003e87e00000,0x0000003e87f00000)]
  0x000001b478c8f000 JavaThread "build event listener" [_thread_blocked, id=11104, stack(0x0000003e87f00000,0x0000003e88000000)]
  0x000001b478c98000 JavaThread "pool-3-thread-1" [_thread_blocked, id=10688, stack(0x0000003e88000000,0x0000003e88100000)]
  0x000001b478c97800 JavaThread "build event listener" [_thread_blocked, id=13976, stack(0x0000003e88100000,0x0000003e88200000)]
  0x000001b478c9a800 JavaThread "Execution worker for ':'" [_thread_in_native, id=8456, stack(0x0000003e88200000,0x0000003e88300000)]
  0x000001b478c95800 JavaThread "Execution worker for ':' Thread 2" [_thread_blocked, id=18352, stack(0x0000003e88300000,0x0000003e88400000)]
  0x000001b478c99000 JavaThread "Execution worker for ':' Thread 3" [_thread_blocked, id=17600, stack(0x0000003e88400000,0x0000003e88500000)]
  0x000001b478c9b800 JavaThread "Cache worker for execution history cache (C:\Users\CQ\Documents\GitHub\storeDAM\.gradle\6.7.1\executionHistory)" [_thread_blocked, id=16988, stack(0x0000003e88500000,0x0000003e88600000)]
  0x000001b478c9c000 JavaThread "WorkerExecutor Queue" [_thread_blocked, id=672, stack(0x0000003e88800000,0x0000003e88900000)]
  0x000001b478c96800 JavaThread "WorkerExecutor Queue Thread 2" [_thread_blocked, id=17392, stack(0x0000003e80f00000,0x0000003e81000000)]
  0x000001b478c9d000 JavaThread "pool-4-thread-1" [_thread_blocked, id=10576, stack(0x0000003e88a00000,0x0000003e88b00000)]
  0x000001b4791e4800 JavaThread "stderr" [_thread_in_native, id=9220, stack(0x0000003e88b00000,0x0000003e88c00000)]
  0x000001b4791df000 JavaThread "stdout" [_thread_in_native, id=14444, stack(0x0000003e88c00000,0x0000003e88d00000)]
  0x000001b4791e5800 JavaThread "Cache worker for Java compile cache (C:\Users\CQ\.gradle\caches\6.7.1\javaCompile)" [_thread_blocked, id=3452, stack(0x0000003e88d00000,0x0000003e88e00000)]
  0x000001b4791e2000 JavaThread "Cache worker for Java compile cache (C:\Users\CQ\Documents\GitHub\storeDAM\.gradle\6.7.1\javaCompile)" [_thread_blocked, id=7180, stack(0x0000003e88e00000,0x0000003e88f00000)]
  0x000001b47a28c000 JavaThread "C2 CompilerThread1" daemon [_thread_in_native, id=18280, stack(0x0000003e88900000,0x0000003e88a00000)]

Other Threads:
  0x000001b473f3f000 VMThread "VM Thread" [stack: 0x0000003eff100000,0x0000003eff200000] [id=15036]
  0x000001b474951000 WatcherThread [stack: 0x0000003effb00000,0x0000003effc00000] [id=17624]
  0x000001b458405000 GCTaskThread "GC Thread#0" [stack: 0x0000003efec00000,0x0000003efed00000] [id=12512]
  0x000001b47512b800 GCTaskThread "GC Thread#1" [stack: 0x0000003effd00000,0x0000003effe00000] [id=12772]
  0x000001b474f71800 GCTaskThread "GC Thread#2" [stack: 0x0000003effe00000,0x0000003efff00000] [id=17596]
  0x000001b4751ef800 GCTaskThread "GC Thread#3" [stack: 0x0000003efff00000,0x0000003f00000000] [id=7004]
  0x000001b458435000 ConcurrentGCThread "G1 Main Marker" [stack: 0x0000003efed00000,0x0000003efee00000] [id=16824]
  0x000001b458438000 ConcurrentGCThread "G1 Conc#0" [stack: 0x0000003efee00000,0x0000003efef00000] [id=15312]
  0x000001b4584ce000 ConcurrentGCThread "G1 Refine#0" [stack: 0x0000003efef00000,0x0000003eff000000] [id=12720]
  0x000001b47e9a3800 ConcurrentGCThread "G1 Refine#1" [stack: 0x0000003e88600000,0x0000003e88700000] [id=17012]
  0x000001b47d2f9000 ConcurrentGCThread "G1 Refine#2" [stack: 0x0000003e88700000,0x0000003e88800000] [id=17900]
  0x000001b473d8e800 ConcurrentGCThread "G1 Young RemSet Sampling" [stack: 0x0000003eff000000,0x0000003eff100000] [id=18044]

Threads with active compile tasks:
C2 CompilerThread0  56488 12632   !   4       java.nio.file.FileTreeWalker::getAttributes (126 bytes)
C2 CompilerThread1  56488 12581   !   4       java.nio.file.FileTreeWalker::next (144 bytes)

VM state:not at safepoint (normal execution)

VM Mutex/Monitor currently owned by a thread: None

Heap address: 0x0000000080000000, size: 2048 MB, Compressed Oops mode: 32-bit
Narrow klass base: 0x0000000000000000, Narrow klass shift: 3
Compressed class space size: 1073741824 Address: 0x0000000100000000

Heap:
 garbage-first heap   total 236544K, used 122880K [0x0000000080000000, 0x0000000100000000)
  region size 1024K, 26 young (26624K), 12 survivors (12288K)
 Metaspace       used 97063K, capacity 99191K, committed 99404K, reserved 1136640K
  class space    used 12323K, capacity 13113K, committed 13184K, reserved 1048576K
Heap Regions: E=young(eden), S=young(survivor), O=old, HS=humongous(starts), HC=humongous(continues), CS=collection set, F=free, A=archive, TAMS=top-at-mark-start (previous, next)
|   0|0x0000000080000000, 0x0000000080100000, 0x0000000080100000|100%| O|  |TAMS 0x0000000080100000, 0x0000000080000000| Untracked 
|   1|0x0000000080100000, 0x0000000080200000, 0x0000000080200000|100%| O|  |TAMS 0x0000000080200000, 0x0000000080100000| Untracked 
|   2|0x0000000080200000, 0x0000000080300000, 0x0000000080300000|100%| O|  |TAMS 0x0000000080300000, 0x0000000080200000| Untracked 
|   3|0x0000000080300000, 0x0000000080400000, 0x0000000080400000|100%|HS|  |TAMS 0x0000000080400000, 0x0000000080300000| Complete 
|   4|0x0000000080400000, 0x0000000080500000, 0x0000000080500000|100%|HC|  |TAMS 0x0000000080500000, 0x0000000080400000| Complete 
|   5|0x0000000080500000, 0x0000000080600000, 0x0000000080600000|100%|HC|  |TAMS 0x0000000080600000, 0x0000000080500000| Complete 
|   6|0x0000000080600000, 0x0000000080700000, 0x0000000080700000|100%| O|  |TAMS 0x0000000080700000, 0x0000000080600000| Untracked 
|   7|0x0000000080700000, 0x0000000080800000, 0x0000000080800000|100%| O|  |TAMS 0x0000000080800000, 0x0000000080700000| Untracked 
|   8|0x0000000080800000, 0x0000000080900000, 0x0000000080900000|100%| O|  |TAMS 0x0000000080900000, 0x0000000080800000| Untracked 
|   9|0x0000000080900000, 0x0000000080a00000, 0x0000000080a00000|100%| O|  |TAMS 0x0000000080a00000, 0x0000000080900000| Untracked 
|  10|0x0000000080a00000, 0x0000000080b00000, 0x0000000080b00000|100%| O|  |TAMS 0x0000000080b00000, 0x0000000080a00000| Untracked 
|  11|0x0000000080b00000, 0x0000000080c00000, 0x0000000080c00000|100%| O|  |TAMS 0x0000000080c00000, 0x0000000080b00000| Untracked 
|  12|0x0000000080c00000, 0x0000000080d00000, 0x0000000080d00000|100%| O|  |TAMS 0x0000000080d00000, 0x0000000080c00000| Untracked 
|  13|0x0000000080d00000, 0x0000000080e00000, 0x0000000080e00000|100%|HS|  |TAMS 0x0000000080e00000, 0x0000000080d00000| Complete 
|  14|0x0000000080e00000, 0x0000000080f00000, 0x0000000080f00000|100%|HS|  |TAMS 0x0000000080f00000, 0x0000000080e00000| Complete 
|  15|0x0000000080f00000, 0x0000000081000000, 0x0000000081000000|100%|HC|  |TAMS 0x0000000081000000, 0x0000000080f00000| Complete 
|  16|0x0000000081000000, 0x0000000081100000, 0x0000000081100000|100%| O|  |TAMS 0x0000000081100000, 0x0000000081000000| Untracked 
|  17|0x0000000081100000, 0x0000000081200000, 0x0000000081200000|100%| O|  |TAMS 0x0000000081200000, 0x0000000081100000| Untracked 
|  18|0x0000000081200000, 0x0000000081300000, 0x0000000081300000|100%| O|  |TAMS 0x0000000081300000, 0x0000000081200000| Untracked 
|  19|0x0000000081300000, 0x0000000081400000, 0x0000000081400000|100%| O|  |TAMS 0x0000000081400000, 0x0000000081300000| Untracked 
|  20|0x0000000081400000, 0x0000000081500000, 0x0000000081500000|100%| O|  |TAMS 0x0000000081500000, 0x0000000081400000| Untracked 
|  21|0x0000000081500000, 0x0000000081600000, 0x0000000081600000|100%| O|  |TAMS 0x0000000081600000, 0x0000000081500000| Untracked 
|  22|0x0000000081600000, 0x0000000081700000, 0x0000000081700000|100%| O|  |TAMS 0x0000000081700000, 0x0000000081600000| Untracked 
|  23|0x0000000081700000, 0x0000000081800000, 0x0000000081800000|100%| O|  |TAMS 0x0000000081700000, 0x0000000081700000| Untracked 
|  24|0x0000000081800000, 0x0000000081900000, 0x0000000081900000|100%| O|  |TAMS 0x0000000081900000, 0x0000000081800000| Untracked 
|  25|0x0000000081900000, 0x0000000081a00000, 0x0000000081a00000|100%| O|  |TAMS 0x0000000081a00000, 0x0000000081900000| Untracked 
|  26|0x0000000081a00000, 0x0000000081b00000, 0x0000000081b00000|100%| O|  |TAMS 0x0000000081b00000, 0x0000000081a00000| Untracked 
|  27|0x0000000081b00000, 0x0000000081c00000, 0x0000000081c00000|100%| O|  |TAMS 0x0000000081c00000, 0x0000000081b00000| Untracked 
|  28|0x0000000081c00000, 0x0000000081d00000, 0x0000000081d00000|100%| O|  |TAMS 0x0000000081d00000, 0x0000000081c00000| Untracked 
|  29|0x0000000081d00000, 0x0000000081e00000, 0x0000000081e00000|100%| O|  |TAMS 0x0000000081e00000, 0x0000000081d00000| Untracked 
|  30|0x0000000081e00000, 0x0000000081f00000, 0x0000000081f00000|100%| O|  |TAMS 0x0000000081f00000, 0x0000000081e00000| Untracked 
|  31|0x0000000081f00000, 0x0000000082000000, 0x0000000082000000|100%| O|  |TAMS 0x0000000082000000, 0x0000000081f00000| Untracked 
|  32|0x0000000082000000, 0x0000000082100000, 0x0000000082100000|100%| O|  |TAMS 0x0000000082100000, 0x0000000082000000| Untracked 
|  33|0x0000000082100000, 0x0000000082200000, 0x0000000082200000|100%| O|  |TAMS 0x0000000082200000, 0x0000000082100000| Untracked 
|  34|0x0000000082200000, 0x0000000082300000, 0x0000000082300000|100%| O|  |TAMS 0x0000000082300000, 0x0000000082200000| Untracked 
|  35|0x0000000082300000, 0x0000000082400000, 0x0000000082400000|100%| O|  |TAMS 0x0000000082400000, 0x0000000082300000| Untracked 
|  36|0x0000000082400000, 0x0000000082500000, 0x0000000082500000|100%| O|  |TAMS 0x0000000082500000, 0x0000000082400000| Untracked 
|  37|0x0000000082500000, 0x0000000082600000, 0x0000000082600000|100%| O|  |TAMS 0x0000000082600000, 0x0000000082500000| Untracked 
|  38|0x0000000082600000, 0x0000000082700000, 0x0000000082700000|100%| O|  |TAMS 0x000000008262c800, 0x0000000082600000| Untracked 
|  39|0x0000000082700000, 0x0000000082800000, 0x0000000082800000|100%| O|  |TAMS 0x0000000082700000, 0x0000000082700000| Untracked 
|  40|0x0000000082800000, 0x0000000082900000, 0x0000000082900000|100%| O|  |TAMS 0x0000000082800000, 0x0000000082800000| Untracked 
|  41|0x0000000082900000, 0x0000000082a00000, 0x0000000082a00000|100%| O|  |TAMS 0x0000000082900000, 0x0000000082900000| Untracked 
|  42|0x0000000082a00000, 0x0000000082b00000, 0x0000000082b00000|100%| O|  |TAMS 0x0000000082a00000, 0x0000000082a00000| Untracked 
|  43|0x0000000082b00000, 0x0000000082c00000, 0x0000000082c00000|100%| O|  |TAMS 0x0000000082b00000, 0x0000000082b00000| Untracked 
|  44|0x0000000082c00000, 0x0000000082d00000, 0x0000000082d00000|100%| O|  |TAMS 0x0000000082c00000, 0x0000000082c00000| Untracked 
|  45|0x0000000082d00000, 0x0000000082e00000, 0x0000000082e00000|100%| O|  |TAMS 0x0000000082d00000, 0x0000000082d00000| Untracked 
|  46|0x0000000082e00000, 0x0000000082f00000, 0x0000000082f00000|100%| O|  |TAMS 0x0000000082e00000, 0x0000000082e00000| Untracked 
|  47|0x0000000082f00000, 0x0000000083000000, 0x0000000083000000|100%| O|  |TAMS 0x0000000082f00000, 0x0000000082f00000| Untracked 
|  48|0x0000000083000000, 0x0000000083100000, 0x0000000083100000|100%| O|  |TAMS 0x0000000083000000, 0x0000000083000000| Untracked 
|  49|0x0000000083100000, 0x0000000083200000, 0x0000000083200000|100%| O|  |TAMS 0x0000000083100000, 0x0000000083100000| Untracked 
|  50|0x0000000083200000, 0x0000000083300000, 0x0000000083300000|100%| O|  |TAMS 0x0000000083200000, 0x0000000083200000| Untracked 
|  51|0x0000000083300000, 0x0000000083400000, 0x0000000083400000|100%| O|  |TAMS 0x0000000083300000, 0x0000000083300000| Untracked 
|  52|0x0000000083400000, 0x0000000083500000, 0x0000000083500000|100%| O|  |TAMS 0x0000000083400000, 0x0000000083400000| Untracked 
|  53|0x0000000083500000, 0x0000000083600000, 0x0000000083600000|100%| O|  |TAMS 0x0000000083500000, 0x0000000083500000| Untracked 
|  54|0x0000000083600000, 0x0000000083700000, 0x0000000083700000|100%| O|  |TAMS 0x0000000083600000, 0x0000000083600000| Untracked 
|  55|0x0000000083700000, 0x0000000083800000, 0x0000000083800000|100%| O|  |TAMS 0x0000000083700000, 0x0000000083700000| Untracked 
|  56|0x0000000083800000, 0x0000000083900000, 0x0000000083900000|100%| O|  |TAMS 0x0000000083800000, 0x0000000083800000| Untracked 
|  57|0x0000000083900000, 0x0000000083a00000, 0x0000000083a00000|100%| O|  |TAMS 0x0000000083900000, 0x0000000083900000| Untracked 
|  58|0x0000000083a00000, 0x0000000083b00000, 0x0000000083b00000|100%| O|  |TAMS 0x0000000083a00000, 0x0000000083a00000| Untracked 
|  59|0x0000000083b00000, 0x0000000083c00000, 0x0000000083c00000|100%| O|  |TAMS 0x0000000083b00000, 0x0000000083b00000| Untracked 
|  60|0x0000000083c00000, 0x0000000083d00000, 0x0000000083d00000|100%| O|  |TAMS 0x0000000083c00000, 0x0000000083c00000| Untracked 
|  61|0x0000000083d00000, 0x0000000083e00000, 0x0000000083e00000|100%| O|  |TAMS 0x0000000083d00000, 0x0000000083d00000| Untracked 
|  62|0x0000000083e00000, 0x0000000083f00000, 0x0000000083f00000|100%| O|  |TAMS 0x0000000083e00000, 0x0000000083e00000| Untracked 
|  63|0x0000000083f00000, 0x0000000084000000, 0x0000000084000000|100%| O|  |TAMS 0x0000000083f00000, 0x0000000083f00000| Untracked 
|  64|0x0000000084000000, 0x0000000084100000, 0x0000000084100000|100%| O|  |TAMS 0x0000000084000000, 0x0000000084000000| Untracked 
|  65|0x0000000084100000, 0x0000000084200000, 0x0000000084200000|100%| O|  |TAMS 0x0000000084100000, 0x0000000084100000| Untracked 
|  66|0x0000000084200000, 0x0000000084300000, 0x0000000084300000|100%| O|  |TAMS 0x0000000084200000, 0x0000000084200000| Untracked 
|  67|0x0000000084300000, 0x0000000084400000, 0x0000000084400000|100%| O|  |TAMS 0x0000000084300000, 0x0000000084300000| Untracked 
|  68|0x0000000084400000, 0x0000000084500000, 0x0000000084500000|100%| O|  |TAMS 0x0000000084400000, 0x0000000084400000| Untracked 
|  69|0x0000000084500000, 0x0000000084600000, 0x0000000084600000|100%| O|  |TAMS 0x0000000084500000, 0x0000000084500000| Untracked 
|  70|0x0000000084600000, 0x0000000084700000, 0x0000000084700000|100%| O|  |TAMS 0x0000000084600000, 0x0000000084600000| Untracked 
|  71|0x0000000084700000, 0x0000000084800000, 0x0000000084800000|100%| O|  |TAMS 0x0000000084700000, 0x0000000084700000| Untracked 
|  72|0x0000000084800000, 0x0000000084900000, 0x0000000084900000|100%| O|  |TAMS 0x0000000084800000, 0x0000000084800000| Untracked 
|  73|0x0000000084900000, 0x0000000084a00000, 0x0000000084a00000|100%| O|  |TAMS 0x0000000084900000, 0x0000000084900000| Untracked 
|  74|0x0000000084a00000, 0x0000000084b00000, 0x0000000084b00000|100%| O|  |TAMS 0x0000000084a00000, 0x0000000084a00000| Untracked 
|  75|0x0000000084b00000, 0x0000000084c00000, 0x0000000084c00000|100%| O|  |TAMS 0x0000000084b00000, 0x0000000084b00000| Untracked 
|  76|0x0000000084c00000, 0x0000000084d00000, 0x0000000084d00000|100%| O|  |TAMS 0x0000000084c00000, 0x0000000084c00000| Untracked 
|  77|0x0000000084d00000, 0x0000000084e00000, 0x0000000084e00000|100%| O|  |TAMS 0x0000000084d00000, 0x0000000084d00000| Untracked 
|  78|0x0000000084e00000, 0x0000000084f00000, 0x0000000084f00000|100%| O|  |TAMS 0x0000000084e00000, 0x0000000084e00000| Untracked 
|  79|0x0000000084f00000, 0x0000000085000000, 0x0000000085000000|100%| O|  |TAMS 0x0000000084f00000, 0x0000000084f00000| Untracked 
|  80|0x0000000085000000, 0x0000000085100000, 0x0000000085100000|100%| O|  |TAMS 0x0000000085000000, 0x0000000085000000| Untracked 
|  81|0x0000000085100000, 0x0000000085200000, 0x0000000085200000|100%| O|  |TAMS 0x0000000085100000, 0x0000000085100000| Untracked 
|  82|0x0000000085200000, 0x0000000085300000, 0x0000000085300000|100%| O|  |TAMS 0x0000000085200000, 0x0000000085200000| Untracked 
|  83|0x0000000085300000, 0x0000000085400000, 0x0000000085400000|100%| O|  |TAMS 0x0000000085300000, 0x0000000085300000| Untracked 
|  84|0x0000000085400000, 0x0000000085500000, 0x0000000085500000|100%| O|  |TAMS 0x0000000085400000, 0x0000000085400000| Untracked 
|  85|0x0000000085500000, 0x0000000085600000, 0x0000000085600000|100%| O|  |TAMS 0x0000000085500000, 0x0000000085500000| Untracked 
|  86|0x0000000085600000, 0x0000000085700000, 0x0000000085700000|100%| O|  |TAMS 0x0000000085600000, 0x0000000085600000| Untracked 
|  87|0x0000000085700000, 0x0000000085800000, 0x0000000085800000|100%| O|  |TAMS 0x0000000085700000, 0x0000000085700000| Untracked 
|  88|0x0000000085800000, 0x0000000085900000, 0x0000000085900000|100%| O|  |TAMS 0x0000000085800000, 0x0000000085800000| Untracked 
|  89|0x0000000085900000, 0x0000000085a00000, 0x0000000085a00000|100%| O|  |TAMS 0x0000000085900000, 0x0000000085900000| Untracked 
|  90|0x0000000085a00000, 0x0000000085b00000, 0x0000000085b00000|100%| O|  |TAMS 0x0000000085a00000, 0x0000000085a00000| Untracked 
|  91|0x0000000085b00000, 0x0000000085c00000, 0x0000000085c00000|100%| O|  |TAMS 0x0000000085b00000, 0x0000000085b00000| Untracked 
|  92|0x0000000085c00000, 0x0000000085d00000, 0x0000000085d00000|100%| O|  |TAMS 0x0000000085c00000, 0x0000000085c00000| Untracked 
|  93|0x0000000085d00000, 0x0000000085e00000, 0x0000000085e00000|100%|HS|  |TAMS 0x0000000085d00000, 0x0000000085d00000| Complete 
|  94|0x0000000085e00000, 0x0000000085f00000, 0x0000000085f00000|100%|HC|  |TAMS 0x0000000085e00000, 0x0000000085e00000| Complete 
|  95|0x0000000085f00000, 0x0000000085f00000, 0x0000000086000000|  0%| F|  |TAMS 0x0000000085f00000, 0x0000000085f00000| Untracked 
|  96|0x0000000086000000, 0x0000000086000000, 0x0000000086100000|  0%| F|  |TAMS 0x0000000086000000, 0x0000000086000000| Untracked 
|  97|0x0000000086100000, 0x0000000086100000, 0x0000000086200000|  0%| F|  |TAMS 0x0000000086100000, 0x0000000086100000| Untracked 
|  98|0x0000000086200000, 0x0000000086200000, 0x0000000086300000|  0%| F|  |TAMS 0x0000000086200000, 0x0000000086200000| Untracked 
|  99|0x0000000086300000, 0x0000000086300000, 0x0000000086400000|  0%| F|  |TAMS 0x0000000086300000, 0x0000000086300000| Untracked 
| 100|0x0000000086400000, 0x0000000086400000, 0x0000000086500000|  0%| F|  |TAMS 0x0000000086400000, 0x0000000086400000| Untracked 
| 101|0x0000000086500000, 0x0000000086500000, 0x0000000086600000|  0%| F|  |TAMS 0x0000000086500000, 0x0000000086500000| Untracked 
| 102|0x0000000086600000, 0x0000000086600000, 0x0000000086700000|  0%| F|  |TAMS 0x0000000086600000, 0x0000000086600000| Untracked 
| 103|0x0000000086700000, 0x0000000086700000, 0x0000000086800000|  0%| F|  |TAMS 0x0000000086700000, 0x0000000086700000| Untracked 
| 104|0x0000000086800000, 0x0000000086800000, 0x0000000086900000|  0%| F|  |TAMS 0x0000000086800000, 0x0000000086800000| Untracked 
| 105|0x0000000086900000, 0x0000000086900000, 0x0000000086a00000|  0%| F|  |TAMS 0x0000000086900000, 0x0000000086900000| Untracked 
| 106|0x0000000086a00000, 0x0000000086a00000, 0x0000000086b00000|  0%| F|  |TAMS 0x0000000086a00000, 0x0000000086a00000| Untracked 
| 107|0x0000000086b00000, 0x0000000086b00000, 0x0000000086c00000|  0%| F|  |TAMS 0x0000000086b00000, 0x0000000086b00000| Untracked 
| 108|0x0000000086c00000, 0x0000000086c00000, 0x0000000086d00000|  0%| F|  |TAMS 0x0000000086c00000, 0x0000000086c00000| Untracked 
| 109|0x0000000086d00000, 0x0000000086d00000, 0x0000000086e00000|  0%| F|  |TAMS 0x0000000086d00000, 0x0000000086d00000| Untracked 
| 110|0x0000000086e00000, 0x0000000086e00000, 0x0000000086f00000|  0%| F|  |TAMS 0x0000000086e00000, 0x0000000086e00000| Untracked 
| 111|0x0000000086f00000, 0x0000000086f00000, 0x0000000087000000|  0%| F|  |TAMS 0x0000000086f00000, 0x0000000086f00000| Untracked 
| 112|0x0000000087000000, 0x0000000087000000, 0x0000000087100000|  0%| F|  |TAMS 0x0000000087000000, 0x0000000087000000| Untracked 
| 113|0x0000000087100000, 0x0000000087100000, 0x0000000087200000|  0%| F|  |TAMS 0x0000000087100000, 0x0000000087100000| Untracked 
| 114|0x0000000087200000, 0x0000000087200000, 0x0000000087300000|  0%| F|  |TAMS 0x0000000087200000, 0x0000000087200000| Untracked 
| 115|0x0000000087300000, 0x0000000087300000, 0x0000000087400000|  0%| F|  |TAMS 0x0000000087300000, 0x0000000087300000| Untracked 
| 116|0x0000000087400000, 0x0000000087400000, 0x0000000087500000|  0%| F|  |TAMS 0x0000000087400000, 0x0000000087400000| Untracked 
| 117|0x0000000087500000, 0x0000000087500000, 0x0000000087600000|  0%| F|  |TAMS 0x0000000087500000, 0x0000000087500000| Untracked 
| 118|0x0000000087600000, 0x0000000087600000, 0x0000000087700000|  0%| F|  |TAMS 0x0000000087600000, 0x0000000087600000| Untracked 
| 119|0x0000000087700000, 0x0000000087700000, 0x0000000087800000|  0%| F|  |TAMS 0x0000000087700000, 0x0000000087700000| Untracked 
| 120|0x0000000087800000, 0x0000000087800000, 0x0000000087900000|  0%| F|  |TAMS 0x0000000087800000, 0x0000000087800000| Untracked 
| 121|0x0000000087900000, 0x0000000087900000, 0x0000000087a00000|  0%| F|  |TAMS 0x0000000087900000, 0x0000000087900000| Untracked 
| 122|0x0000000087a00000, 0x0000000087a00000, 0x0000000087b00000|  0%| F|  |TAMS 0x0000000087a00000, 0x0000000087a00000| Untracked 
| 123|0x0000000087b00000, 0x0000000087b00000, 0x0000000087c00000|  0%| F|  |TAMS 0x0000000087b00000, 0x0000000087b00000| Untracked 
| 124|0x0000000087c00000, 0x0000000087d00000, 0x0000000087d00000|100%| S|CS|TAMS 0x0000000087c00000, 0x0000000087c00000| Complete 
| 125|0x0000000087d00000, 0x0000000087e00000, 0x0000000087e00000|100%| S|CS|TAMS 0x0000000087d00000, 0x0000000087d00000| Complete 
| 126|0x0000000087e00000, 0x0000000087f00000, 0x0000000087f00000|100%| S|CS|TAMS 0x0000000087e00000, 0x0000000087e00000| Complete 
| 127|0x0000000087f00000, 0x0000000088000000, 0x0000000088000000|100%| S|CS|TAMS 0x0000000087f00000, 0x0000000087f00000| Complete 
| 128|0x0000000088000000, 0x0000000088100000, 0x0000000088100000|100%| S|CS|TAMS 0x0000000088000000, 0x0000000088000000| Complete 
| 129|0x0000000088100000, 0x0000000088200000, 0x0000000088200000|100%| S|CS|TAMS 0x0000000088100000, 0x0000000088100000| Complete 
| 130|0x0000000088200000, 0x0000000088300000, 0x0000000088300000|100%| S|CS|TAMS 0x0000000088200000, 0x0000000088200000| Complete 
| 131|0x0000000088300000, 0x0000000088400000, 0x0000000088400000|100%| S|CS|TAMS 0x0000000088300000, 0x0000000088300000| Complete 
| 132|0x0000000088400000, 0x0000000088500000, 0x0000000088500000|100%| S|CS|TAMS 0x0000000088400000, 0x0000000088400000| Complete 
| 133|0x0000000088500000, 0x0000000088500000, 0x0000000088600000|  0%| F|  |TAMS 0x0000000088500000, 0x0000000088500000| Untracked 
| 134|0x0000000088600000, 0x0000000088600000, 0x0000000088700000|  0%| F|  |TAMS 0x0000000088600000, 0x0000000088600000| Untracked 
| 135|0x0000000088700000, 0x0000000088700000, 0x0000000088800000|  0%| F|  |TAMS 0x0000000088700000, 0x0000000088700000| Untracked 
| 136|0x0000000088800000, 0x0000000088800000, 0x0000000088900000|  0%| F|  |TAMS 0x0000000088800000, 0x0000000088800000| Untracked 
| 137|0x0000000088900000, 0x0000000088900000, 0x0000000088a00000|  0%| F|  |TAMS 0x0000000088900000, 0x0000000088900000| Untracked 
| 138|0x0000000088a00000, 0x0000000088a00000, 0x0000000088b00000|  0%| F|  |TAMS 0x0000000088a00000, 0x0000000088a00000| Untracked 
| 139|0x0000000088b00000, 0x0000000088c00000, 0x0000000088c00000|100%| S|CS|TAMS 0x0000000088b00000, 0x0000000088b00000| Complete 
| 140|0x0000000088c00000, 0x0000000088d00000, 0x0000000088d00000|100%| S|CS|TAMS 0x0000000088c00000, 0x0000000088c00000| Complete 
| 141|0x0000000088d00000, 0x0000000088e00000, 0x0000000088e00000|100%| S|CS|TAMS 0x0000000088d00000, 0x0000000088d00000| Complete 
| 142|0x0000000088e00000, 0x0000000088e00000, 0x0000000088f00000|  0%| F|  |TAMS 0x0000000088e00000, 0x0000000088e00000| Untracked 
| 143|0x0000000088f00000, 0x0000000088f00000, 0x0000000089000000|  0%| F|  |TAMS 0x0000000088f00000, 0x0000000088f00000| Untracked 
| 144|0x0000000089000000, 0x0000000089000000, 0x0000000089100000|  0%| F|  |TAMS 0x0000000089000000, 0x0000000089000000| Untracked 
| 145|0x0000000089100000, 0x0000000089100000, 0x0000000089200000|  0%| F|  |TAMS 0x0000000089100000, 0x0000000089100000| Untracked 
| 146|0x0000000089200000, 0x0000000089200000, 0x0000000089300000|  0%| F|  |TAMS 0x0000000089200000, 0x0000000089200000| Untracked 
| 147|0x0000000089300000, 0x0000000089300000, 0x0000000089400000|  0%| F|  |TAMS 0x0000000089300000, 0x0000000089300000| Untracked 
| 148|0x0000000089400000, 0x0000000089400000, 0x0000000089500000|  0%| F|  |TAMS 0x0000000089400000, 0x0000000089400000| Untracked 
| 149|0x0000000089500000, 0x0000000089500000, 0x0000000089600000|  0%| F|  |TAMS 0x0000000089500000, 0x0000000089500000| Untracked 
| 150|0x0000000089600000, 0x0000000089600000, 0x0000000089700000|  0%| F|  |TAMS 0x0000000089600000, 0x0000000089600000| Untracked 
| 151|0x0000000089700000, 0x0000000089700000, 0x0000000089800000|  0%| F|  |TAMS 0x0000000089700000, 0x0000000089700000| Untracked 
| 152|0x0000000089800000, 0x0000000089800000, 0x0000000089900000|  0%| F|  |TAMS 0x0000000089800000, 0x0000000089800000| Untracked 
| 153|0x0000000089900000, 0x0000000089900000, 0x0000000089a00000|  0%| F|  |TAMS 0x0000000089900000, 0x0000000089900000| Untracked 
| 154|0x0000000089a00000, 0x0000000089a00000, 0x0000000089b00000|  0%| F|  |TAMS 0x0000000089a00000, 0x0000000089a00000| Untracked 
| 155|0x0000000089b00000, 0x0000000089b00000, 0x0000000089c00000|  0%| F|  |TAMS 0x0000000089b00000, 0x0000000089b00000| Untracked 
| 156|0x0000000089c00000, 0x0000000089c00000, 0x0000000089d00000|  0%| F|  |TAMS 0x0000000089c00000, 0x0000000089c00000| Untracked 
| 157|0x0000000089d00000, 0x0000000089d00000, 0x0000000089e00000|  0%| F|  |TAMS 0x0000000089d00000, 0x0000000089d00000| Untracked 
| 158|0x0000000089e00000, 0x0000000089e00000, 0x0000000089f00000|  0%| F|  |TAMS 0x0000000089e00000, 0x0000000089e00000| Untracked 
| 159|0x0000000089f00000, 0x0000000089f00000, 0x000000008a000000|  0%| F|  |TAMS 0x0000000089f00000, 0x0000000089f00000| Untracked 
| 160|0x000000008a000000, 0x000000008a000000, 0x000000008a100000|  0%| F|  |TAMS 0x000000008a000000, 0x000000008a000000| Untracked 
| 161|0x000000008a100000, 0x000000008a100000, 0x000000008a200000|  0%| F|  |TAMS 0x000000008a100000, 0x000000008a100000| Untracked 
| 162|0x000000008a200000, 0x000000008a200000, 0x000000008a300000|  0%| F|  |TAMS 0x000000008a200000, 0x000000008a200000| Untracked 
| 163|0x000000008a300000, 0x000000008a300000, 0x000000008a400000|  0%| F|  |TAMS 0x000000008a300000, 0x000000008a300000| Untracked 
| 164|0x000000008a400000, 0x000000008a400000, 0x000000008a500000|  0%| F|  |TAMS 0x000000008a400000, 0x000000008a400000| Untracked 
| 165|0x000000008a500000, 0x000000008a500000, 0x000000008a600000|  0%| F|  |TAMS 0x000000008a500000, 0x000000008a500000| Untracked 
| 166|0x000000008a600000, 0x000000008a600000, 0x000000008a700000|  0%| F|  |TAMS 0x000000008a600000, 0x000000008a600000| Untracked 
| 167|0x000000008a700000, 0x000000008a700000, 0x000000008a800000|  0%| F|  |TAMS 0x000000008a700000, 0x000000008a700000| Untracked 
| 168|0x000000008a800000, 0x000000008a800000, 0x000000008a900000|  0%| F|  |TAMS 0x000000008a800000, 0x000000008a800000| Untracked 
| 169|0x000000008a900000, 0x000000008a900000, 0x000000008aa00000|  0%| F|  |TAMS 0x000000008a900000, 0x000000008a900000| Untracked 
| 170|0x000000008aa00000, 0x000000008aa00000, 0x000000008ab00000|  0%| F|  |TAMS 0x000000008aa00000, 0x000000008aa00000| Untracked 
| 171|0x000000008ab00000, 0x000000008ab00000, 0x000000008ac00000|  0%| F|  |TAMS 0x000000008ab00000, 0x000000008ab00000| Untracked 
| 172|0x000000008ac00000, 0x000000008ac00000, 0x000000008ad00000|  0%| F|  |TAMS 0x000000008ac00000, 0x000000008ac00000| Untracked 
| 173|0x000000008ad00000, 0x000000008ad00000, 0x000000008ae00000|  0%| F|  |TAMS 0x000000008ad00000, 0x000000008ad00000| Untracked 
| 174|0x000000008ae00000, 0x000000008ae00000, 0x000000008af00000|  0%| F|  |TAMS 0x000000008ae00000, 0x000000008ae00000| Untracked 
| 175|0x000000008af00000, 0x000000008af00000, 0x000000008b000000|  0%| F|  |TAMS 0x000000008af00000, 0x000000008af00000| Untracked 
| 176|0x000000008b000000, 0x000000008b000000, 0x000000008b100000|  0%| F|  |TAMS 0x000000008b000000, 0x000000008b000000| Untracked 
| 177|0x000000008b100000, 0x000000008b100000, 0x000000008b200000|  0%| F|  |TAMS 0x000000008b100000, 0x000000008b100000| Untracked 
| 178|0x000000008b200000, 0x000000008b200000, 0x000000008b300000|  0%| F|  |TAMS 0x000000008b200000, 0x000000008b200000| Untracked 
| 179|0x000000008b300000, 0x000000008b300000, 0x000000008b400000|  0%| F|  |TAMS 0x000000008b300000, 0x000000008b300000| Untracked 
| 180|0x000000008b400000, 0x000000008b400000, 0x000000008b500000|  0%| F|  |TAMS 0x000000008b400000, 0x000000008b400000| Untracked 
| 181|0x000000008b500000, 0x000000008b500000, 0x000000008b600000|  0%| F|  |TAMS 0x000000008b500000, 0x000000008b500000| Untracked 
| 182|0x000000008b600000, 0x000000008b600000, 0x000000008b700000|  0%| F|  |TAMS 0x000000008b600000, 0x000000008b600000| Untracked 
| 183|0x000000008b700000, 0x000000008b700000, 0x000000008b800000|  0%| F|  |TAMS 0x000000008b700000, 0x000000008b700000| Untracked 
| 184|0x000000008b800000, 0x000000008b800000, 0x000000008b900000|  0%| F|  |TAMS 0x000000008b800000, 0x000000008b800000| Untracked 
| 185|0x000000008b900000, 0x000000008b900000, 0x000000008ba00000|  0%| F|  |TAMS 0x000000008b900000, 0x000000008b900000| Untracked 
| 186|0x000000008ba00000, 0x000000008ba00000, 0x000000008bb00000|  0%| F|  |TAMS 0x000000008ba00000, 0x000000008ba00000| Untracked 
| 187|0x000000008bb00000, 0x000000008bb00000, 0x000000008bc00000|  0%| F|  |TAMS 0x000000008bb00000, 0x000000008bb00000| Untracked 
| 188|0x000000008bc00000, 0x000000008bc00000, 0x000000008bd00000|  0%| F|  |TAMS 0x000000008bc00000, 0x000000008bc00000| Untracked 
| 189|0x000000008bd00000, 0x000000008bd00000, 0x000000008be00000|  0%| F|  |TAMS 0x000000008bd00000, 0x000000008bd00000| Untracked 
| 190|0x000000008be00000, 0x000000008be00000, 0x000000008bf00000|  0%| F|  |TAMS 0x000000008be00000, 0x000000008be00000| Untracked 
| 191|0x000000008bf00000, 0x000000008bf00000, 0x000000008c000000|  0%| F|  |TAMS 0x000000008bf00000, 0x000000008bf00000| Untracked 
| 192|0x000000008c000000, 0x000000008c000000, 0x000000008c100000|  0%| F|  |TAMS 0x000000008c000000, 0x000000008c000000| Untracked 
| 193|0x000000008c100000, 0x000000008c100000, 0x000000008c200000|  0%| F|  |TAMS 0x000000008c100000, 0x000000008c100000| Untracked 
| 194|0x000000008c200000, 0x000000008c200000, 0x000000008c300000|  0%| F|  |TAMS 0x000000008c200000, 0x000000008c200000| Untracked 
| 195|0x000000008c300000, 0x000000008c300000, 0x000000008c400000|  0%| F|  |TAMS 0x000000008c300000, 0x000000008c300000| Untracked 
| 196|0x000000008c400000, 0x000000008c400000, 0x000000008c500000|  0%| F|  |TAMS 0x000000008c400000, 0x000000008c400000| Untracked 
| 197|0x000000008c500000, 0x000000008c500000, 0x000000008c600000|  0%| F|  |TAMS 0x000000008c500000, 0x000000008c500000| Untracked 
| 198|0x000000008c600000, 0x000000008c600000, 0x000000008c700000|  0%| F|  |TAMS 0x000000008c600000, 0x000000008c600000| Untracked 
| 199|0x000000008c700000, 0x000000008c700000, 0x000000008c800000|  0%| F|  |TAMS 0x000000008c700000, 0x000000008c700000| Untracked 
| 200|0x000000008c800000, 0x000000008c800000, 0x000000008c900000|  0%| F|  |TAMS 0x000000008c800000, 0x000000008c800000| Untracked 
| 201|0x000000008c900000, 0x000000008c900000, 0x000000008ca00000|  0%| F|  |TAMS 0x000000008c900000, 0x000000008c900000| Untracked 
| 202|0x000000008ca00000, 0x000000008ca00000, 0x000000008cb00000|  0%| F|  |TAMS 0x000000008ca00000, 0x000000008ca00000| Untracked 
| 203|0x000000008cb00000, 0x000000008cb00000, 0x000000008cc00000|  0%| F|  |TAMS 0x000000008cb00000, 0x000000008cb00000| Untracked 
| 204|0x000000008cc00000, 0x000000008cc00000, 0x000000008cd00000|  0%| F|  |TAMS 0x000000008cc00000, 0x000000008cc00000| Untracked 
| 205|0x000000008cd00000, 0x000000008cd00000, 0x000000008ce00000|  0%| F|  |TAMS 0x000000008cd00000, 0x000000008cd00000| Untracked 
| 206|0x000000008ce00000, 0x000000008ce00000, 0x000000008cf00000|  0%| F|  |TAMS 0x000000008ce00000, 0x000000008ce00000| Untracked 
| 207|0x000000008cf00000, 0x000000008cf00000, 0x000000008d000000|  0%| F|  |TAMS 0x000000008cf00000, 0x000000008cf00000| Untracked 
| 208|0x000000008d000000, 0x000000008d000000, 0x000000008d100000|  0%| F|  |TAMS 0x000000008d000000, 0x000000008d000000| Untracked 
| 209|0x000000008d100000, 0x000000008d100000, 0x000000008d200000|  0%| F|  |TAMS 0x000000008d100000, 0x000000008d100000| Untracked 
| 210|0x000000008d200000, 0x000000008d200000, 0x000000008d300000|  0%| F|  |TAMS 0x000000008d200000, 0x000000008d200000| Untracked 
| 211|0x000000008d300000, 0x000000008d300000, 0x000000008d400000|  0%| F|  |TAMS 0x000000008d300000, 0x000000008d300000| Untracked 
| 212|0x000000008d400000, 0x000000008d400000, 0x000000008d500000|  0%| F|  |TAMS 0x000000008d400000, 0x000000008d400000| Untracked 
| 213|0x000000008d500000, 0x000000008d500000, 0x000000008d600000|  0%| F|  |TAMS 0x000000008d500000, 0x000000008d500000| Untracked 
| 214|0x000000008d600000, 0x000000008d600000, 0x000000008d700000|  0%| F|  |TAMS 0x000000008d600000, 0x000000008d600000| Untracked 
| 215|0x000000008d700000, 0x000000008d700000, 0x000000008d800000|  0%| F|  |TAMS 0x000000008d700000, 0x000000008d700000| Untracked 
| 216|0x000000008d800000, 0x000000008d876e10, 0x000000008d900000| 46%| E|  |TAMS 0x000000008d800000, 0x000000008d800000| Complete 
| 217|0x000000008d900000, 0x000000008da00000, 0x000000008da00000|100%| E|CS|TAMS 0x000000008d900000, 0x000000008d900000| Complete 
| 218|0x000000008da00000, 0x000000008db00000, 0x000000008db00000|100%| E|CS|TAMS 0x000000008da00000, 0x000000008da00000| Complete 
| 219|0x000000008db00000, 0x000000008dc00000, 0x000000008dc00000|100%| E|CS|TAMS 0x000000008db00000, 0x000000008db00000| Complete 
| 220|0x000000008dc00000, 0x000000008dd00000, 0x000000008dd00000|100%| E|CS|TAMS 0x000000008dc00000, 0x000000008dc00000| Complete 
| 221|0x000000008dd00000, 0x000000008de00000, 0x000000008de00000|100%| E|CS|TAMS 0x000000008dd00000, 0x000000008dd00000| Complete 
| 222|0x000000008de00000, 0x000000008df00000, 0x000000008df00000|100%| E|CS|TAMS 0x000000008de00000, 0x000000008de00000| Complete 
| 223|0x000000008df00000, 0x000000008e000000, 0x000000008e000000|100%| E|CS|TAMS 0x000000008df00000, 0x000000008df00000| Complete 
| 224|0x000000008e000000, 0x000000008e100000, 0x000000008e100000|100%| E|CS|TAMS 0x000000008e000000, 0x000000008e000000| Complete 
| 225|0x000000008e100000, 0x000000008e200000, 0x000000008e200000|100%| E|CS|TAMS 0x000000008e100000, 0x000000008e100000| Complete 
| 226|0x000000008e200000, 0x000000008e300000, 0x000000008e300000|100%| E|CS|TAMS 0x000000008e200000, 0x000000008e200000| Complete 
| 227|0x000000008e300000, 0x000000008e400000, 0x000000008e400000|100%| E|CS|TAMS 0x000000008e300000, 0x000000008e300000| Complete 
| 228|0x000000008e400000, 0x000000008e500000, 0x000000008e500000|100%| E|CS|TAMS 0x000000008e400000, 0x000000008e400000| Complete 
| 229|0x000000008e500000, 0x000000008e600000, 0x000000008e600000|100%| E|CS|TAMS 0x000000008e500000, 0x000000008e500000| Complete 
| 230|0x000000008e600000, 0x000000008e700000, 0x000000008e700000|100%| E|CS|TAMS 0x000000008e600000, 0x000000008e600000| Complete 

Card table byte_map: [0x000001b46d120000,0x000001b46d520000] _byte_map_base: 0x000001b46cd20000

Marking Bits (Prev, Next): (CMBitMap*) 0x000001b45842c038, (CMBitMap*) 0x000001b45842c070
 Prev Bits: [0x000001b46d920000, 0x000001b46f920000)
 Next Bits: [0x000001b46f920000, 0x000001b471920000)

Polling page: 0x000001b4582a0000

Metaspace:

Usage:
  Non-class:     84.06 MB capacity,    82.76 MB ( 98%) used,     1.06 MB (  1%) free+waste,   245.19 KB ( <1%) overhead. 
      Class:     12.81 MB capacity,    12.04 MB ( 94%) used,   679.48 KB (  5%) free+waste,   109.56 KB ( <1%) overhead. 
       Both:     96.87 MB capacity,    94.79 MB ( 98%) used,     1.73 MB (  2%) free+waste,   354.75 KB ( <1%) overhead. 

Virtual space:
  Non-class space:       86.00 MB reserved,      84.20 MB ( 98%) committed 
      Class space:        1.00 GB reserved,      12.88 MB (  1%) committed 
             Both:        1.08 GB reserved,      97.07 MB (  9%) committed 

Chunk freelists:
   Non-Class:  14.00 KB
       Class:  7.00 KB
        Both:  21.00 KB

MaxMetaspaceSize: 17179869184.00 GB
CompressedClassSpaceSize: 1.00 GB

CodeHeap 'non-profiled nmethods': size=120064Kb used=8844Kb max_used=8844Kb free=111219Kb
 bounds [0x000001b4651c0000, 0x000001b465a70000, 0x000001b46c700000]
CodeHeap 'profiled nmethods': size=120000Kb used=27213Kb max_used=27213Kb free=92787Kb
 bounds [0x000001b45dc90000, 0x000001b45f730000, 0x000001b4651c0000]
CodeHeap 'non-nmethods': size=5696Kb used=2292Kb max_used=2347Kb free=3404Kb
 bounds [0x000001b45d700000, 0x000001b45d970000, 0x000001b45dc90000]
 total_blobs=13459 nmethods=12566 adapters=802
 compilation: enabled
              stopped_count=0, restarted_count=0
 full_count=0

Compilation events (20 events):
Event: 56.342 Thread 0x000001b4747b1800 12626       3       jdk.nio.zipfs.ZipConstants::LOCEXT (7 bytes)
Event: 56.342 Thread 0x000001b4747b1800 nmethod 12626 0x000001b45f714310 code [0x000001b45f7144e0, 0x000001b45f714738]
Event: 56.342 Thread 0x000001b4747b1800 12628       3       jdk.nio.zipfs.ZipFileSystem$Entry::readExtra (753 bytes)
Event: 56.344 Thread 0x000001b4747ae000 nmethod 12624 0x000001b465a61d10 code [0x000001b465a61ec0, 0x000001b465a622d8]
Event: 56.344 Thread 0x000001b4747ae000 12622       4       jdk.nio.zipfs.ZipPath::getResolvedPath (42 bytes)
Event: 56.348 Thread 0x000001b4747b1800 nmethod 12628 0x000001b45f714890 code [0x000001b45f7152a0, 0x000001b45f71c1e8]
Event: 56.348 Thread 0x000001b4747b1800 12629       3       jdk.nio.zipfs.ZipConstants::locSigAt (8 bytes)
Event: 56.348 Thread 0x000001b4747b1800 nmethod 12629 0x000001b45f71ee10 code [0x000001b45f71efc0, 0x000001b45f71f0e8]
Event: 56.348 Thread 0x000001b4747b1800 12627       3       jdk.nio.zipfs.ZipConstants::LOCNAM (7 bytes)
Event: 56.348 Thread 0x000001b4747b1800 nmethod 12627 0x000001b45f71f190 code [0x000001b45f71f360, 0x000001b45f71f5b8]
Event: 56.348 Thread 0x000001b4747b1800 12630       3       java.nio.file.SimpleFileVisitor::postVisitDirectory (15 bytes)
Event: 56.348 Thread 0x000001b4747b1800 nmethod 12630 0x000001b45f71f710 code [0x000001b45f71f8e0, 0x000001b45f71fb88]
Event: 56.348 Thread 0x000001b4747b1800 12631       3       jdk.nio.zipfs.ZipPath::equals (42 bytes)
Event: 56.349 Thread 0x000001b4747b1800 nmethod 12631 0x000001b45f71fd10 code [0x000001b45f71ff00, 0x000001b45f720428]
Event: 56.349 Thread 0x000001b4747ae000 nmethod 12622 0x000001b465a62610 code [0x000001b465a627c0, 0x000001b465a62b58]
Event: 56.349 Thread 0x000001b4747ae000 12623       4       jdk.nio.zipfs.ZipConstants::LG (22 bytes)
Event: 56.350 Thread 0x000001b4747ae000 nmethod 12623 0x000001b465a62d10 code [0x000001b465a62ea0, 0x000001b465a62f78]
Event: 56.350 Thread 0x000001b4747ae000 12632   !   4       java.nio.file.FileTreeWalker::getAttributes (126 bytes)
Event: 56.394 Thread 0x000001b4747b1800 12636       3       jdk.nio.zipfs.ZipPath::getFileName (5 bytes)
Event: 56.394 Thread 0x000001b4747b1800 nmethod 12636 0x000001b45f720510 code [0x000001b45f7206c0, 0x000001b45f7207e8]

GC Heap History (20 events):
Event: 11.960 GC heap before
{Heap before GC invocations=11 (full 0):
 garbage-first heap   total 196608K, used 99156K [0x0000000080000000, 0x0000000100000000)
  region size 1024K, 74 young (75776K), 14 survivors (14336K)
 Metaspace       used 58778K, capacity 60110K, committed 60160K, reserved 1101824K
  class space    used 7433K, capacity 7907K, committed 7936K, reserved 1048576K
}
Event: 11.980 GC heap after
{Heap after GC invocations=12 (full 0):
 garbage-first heap   total 196608K, used 44210K [0x0000000080000000, 0x0000000100000000)
  region size 1024K, 6 young (6144K), 6 survivors (6144K)
 Metaspace       used 58778K, capacity 60110K, committed 60160K, reserved 1101824K
  class space    used 7433K, capacity 7907K, committed 7936K, reserved 1048576K
}
Event: 13.510 GC heap before
{Heap before GC invocations=13 (full 0):
 garbage-first heap   total 196608K, used 127154K [0x0000000080000000, 0x0000000100000000)
  region size 1024K, 87 young (89088K), 6 survivors (6144K)
 Metaspace       used 64829K, capacity 66330K, committed 66508K, reserved 1107968K
  class space    used 8428K, capacity 8947K, committed 8960K, reserved 1048576K
}
Event: 13.530 GC heap after
{Heap after GC invocations=14 (full 0):
 garbage-first heap   total 236544K, used 48991K [0x0000000080000000, 0x0000000100000000)
  region size 1024K, 11 young (11264K), 11 survivors (11264K)
 Metaspace       used 64829K, capacity 66330K, committed 66508K, reserved 1107968K
  class space    used 8428K, capacity 8947K, committed 8960K, reserved 1048576K
}
Event: 15.538 GC heap before
{Heap before GC invocations=15 (full 0):
 garbage-first heap   total 236544K, used 146271K [0x0000000080000000, 0x0000000100000000)
  region size 1024K, 106 young (108544K), 11 survivors (11264K)
 Metaspace       used 72371K, capacity 74105K, committed 74316K, reserved 1114112K
  class space    used 9502K, capacity 10066K, committed 10112K, reserved 1048576K
}
Event: 15.555 GC heap after
{Heap after GC invocations=16 (full 0):
 garbage-first heap   total 236544K, used 55751K [0x0000000080000000, 0x0000000100000000)
  region size 1024K, 13 young (13312K), 13 survivors (13312K)
 Metaspace       used 72371K, capacity 74105K, committed 74316K, reserved 1114112K
  class space    used 9502K, capacity 10066K, committed 10112K, reserved 1048576K
}
Event: 17.740 GC heap before
{Heap before GC invocations=16 (full 0):
 garbage-first heap   total 236544K, used 154055K [0x0000000080000000, 0x0000000100000000)
  region size 1024K, 110 young (112640K), 13 survivors (13312K)
 Metaspace       used 76923K, capacity 78846K, committed 79052K, reserved 1118208K
  class space    used 9983K, capacity 10663K, committed 10752K, reserved 1048576K
}
Event: 17.762 GC heap after
{Heap after GC invocations=17 (full 0):
 garbage-first heap   total 236544K, used 63200K [0x0000000080000000, 0x0000000100000000)
  region size 1024K, 14 young (14336K), 14 survivors (14336K)
 Metaspace       used 76923K, capacity 78846K, committed 79052K, reserved 1118208K
  class space    used 9983K, capacity 10663K, committed 10752K, reserved 1048576K
}
Event: 19.480 GC heap before
{Heap before GC invocations=17 (full 0):
 garbage-first heap   total 236544K, used 179936K [0x0000000080000000, 0x0000000100000000)
  region size 1024K, 112 young (114688K), 14 survivors (14336K)
 Metaspace       used 80991K, capacity 82939K, committed 83148K, reserved 1122304K
  class space    used 10452K, capacity 11166K, committed 11264K, reserved 1048576K
}
Event: 19.505 GC heap after
{Heap after GC invocations=18 (full 0):
 garbage-first heap   total 236544K, used 80145K [0x0000000080000000, 0x0000000100000000)
  region size 1024K, 14 young (14336K), 14 survivors (14336K)
 Metaspace       used 80991K, capacity 82939K, committed 83148K, reserved 1122304K
  class space    used 10452K, capacity 11166K, committed 11264K, reserved 1048576K
}
Event: 28.700 GC heap before
{Heap before GC invocations=18 (full 0):
 garbage-first heap   total 236544K, used 168209K [0x0000000080000000, 0x0000000100000000)
  region size 1024K, 100 young (102400K), 14 survivors (14336K)
 Metaspace       used 84082K, capacity 86137K, committed 86220K, reserved 1124352K
  class space    used 10789K, capacity 11513K, committed 11520K, reserved 1048576K
}
Event: 28.719 GC heap after
{Heap after GC invocations=19 (full 0):
 garbage-first heap   total 236544K, used 86016K [0x0000000080000000, 0x0000000100000000)
  region size 1024K, 5 young (5120K), 5 survivors (5120K)
 Metaspace       used 84082K, capacity 86137K, committed 86220K, reserved 1124352K
  class space    used 10789K, capacity 11513K, committed 11520K, reserved 1048576K
}
Event: 33.134 GC heap before
{Heap before GC invocations=19 (full 0):
 garbage-first heap   total 236544K, used 174080K [0x0000000080000000, 0x0000000100000000)
  region size 1024K, 92 young (94208K), 5 survivors (5120K)
 Metaspace       used 87488K, capacity 89553K, committed 89804K, reserved 1126400K
  class space    used 11221K, capacity 11968K, committed 12032K, reserved 1048576K
}
Event: 33.144 GC heap after
{Heap after GC invocations=20 (full 0):
 garbage-first heap   total 236544K, used 90112K [0x0000000080000000, 0x0000000100000000)
  region size 1024K, 9 young (9216K), 9 survivors (9216K)
 Metaspace       used 87488K, capacity 89553K, committed 89804K, reserved 1126400K
  class space    used 11221K, capacity 11968K, committed 12032K, reserved 1048576K
}
Event: 38.492 GC heap before
{Heap before GC invocations=20 (full 0):
 garbage-first heap   total 236544K, used 178176K [0x0000000080000000, 0x0000000100000000)
  region size 1024K, 96 young (98304K), 9 survivors (9216K)
 Metaspace       used 88241K, capacity 90296K, committed 90316K, reserved 1128448K
  class space    used 11303K, capacity 12026K, committed 12032K, reserved 1048576K
}
Event: 38.505 GC heap after
{Heap after GC invocations=21 (full 0):
 garbage-first heap   total 236544K, used 96394K [0x0000000080000000, 0x0000000100000000)
  region size 1024K, 11 young (11264K), 11 survivors (11264K)
 Metaspace       used 88241K, capacity 90296K, committed 90316K, reserved 1128448K
  class space    used 11303K, capacity 12026K, committed 12032K, reserved 1048576K
}
Event: 43.384 GC heap before
{Heap before GC invocations=21 (full 0):
 garbage-first heap   total 236544K, used 182410K [0x0000000080000000, 0x0000000100000000)
  region size 1024K, 96 young (98304K), 11 survivors (11264K)
 Metaspace       used 89110K, capacity 91146K, committed 91212K, reserved 1128448K
  class space    used 11372K, capacity 12096K, committed 12160K, reserved 1048576K
}
Event: 43.396 GC heap after
{Heap after GC invocations=22 (full 0):
 garbage-first heap   total 236544K, used 97544K [0x0000000080000000, 0x0000000100000000)
  region size 1024K, 8 young (8192K), 8 survivors (8192K)
 Metaspace       used 89110K, capacity 91146K, committed 91212K, reserved 1128448K
  class space    used 11372K, capacity 12096K, committed 12160K, reserved 1048576K
}
Event: 56.029 GC heap before
{Heap before GC invocations=22 (full 0):
 garbage-first heap   total 236544K, used 185608K [0x0000000080000000, 0x0000000100000000)
  region size 1024K, 95 young (97280K), 8 survivors (8192K)
 Metaspace       used 95852K, capacity 98060K, committed 98252K, reserved 1134592K
  class space    used 12231K, capacity 13035K, committed 13056K, reserved 1048576K
}
Event: 56.045 GC heap after
{Heap after GC invocations=23 (full 0):
 garbage-first heap   total 236544K, used 107520K [0x0000000080000000, 0x0000000100000000)
  region size 1024K, 12 young (12288K), 12 survivors (12288K)
 Metaspace       used 95852K, capacity 98060K, committed 98252K, reserved 1134592K
  class space    used 12231K, capacity 13035K, committed 13056K, reserved 1048576K
}

Deoptimization events (20 events):
Event: 56.241 Thread 0x000001b478c9a800 DEOPT PACKING pc=0x000001b46571088c sp=0x0000003e882f9590
Event: 56.241 Thread 0x000001b478c9a800 DEOPT UNPACKING pc=0x000001b45d72782f sp=0x0000003e882f9518 mode 2
Event: 56.247 Thread 0x000001b478c9a800 DEOPT PACKING pc=0x000001b45f6bf965 sp=0x0000003e882f93a0
Event: 56.247 Thread 0x000001b478c9a800 DEOPT UNPACKING pc=0x000001b45d72764e sp=0x0000003e882f8868 mode 0
Event: 56.248 Thread 0x000001b478c9a800 DEOPT PACKING pc=0x000001b45f6bf965 sp=0x0000003e882f93a0
Event: 56.248 Thread 0x000001b478c9a800 DEOPT UNPACKING pc=0x000001b45d72764e sp=0x0000003e882f8868 mode 0
Event: 56.257 Thread 0x000001b478c9a800 DEOPT PACKING pc=0x000001b45f6c4127 sp=0x0000003e882f92d0
Event: 56.257 Thread 0x000001b478c9a800 DEOPT UNPACKING pc=0x000001b45d72764e sp=0x0000003e882f8768 mode 0
Event: 56.291 Thread 0x000001b478c9a800 Uncommon trap: trap_request=0xffffff4d fr.pc=0x000001b465a554f4 relative=0x00000000000000d4
Event: 56.291 Thread 0x000001b478c9a800 Uncommon trap: reason=unstable_if action=reinterpret pc=0x000001b465a554f4 method=jdk.nio.zipfs.ZipConstants.pkSigAt([BIII)Z @ 5 c2
Event: 56.291 Thread 0x000001b478c9a800 DEOPT PACKING pc=0x000001b465a554f4 sp=0x0000003e882f93c0
Event: 56.291 Thread 0x000001b478c9a800 DEOPT UNPACKING pc=0x000001b45d72782f sp=0x0000003e882f9368 mode 2
Event: 56.291 Thread 0x000001b478c9a800 Uncommon trap: trap_request=0xffffff4d fr.pc=0x000001b465a55040 relative=0x0000000000000580
Event: 56.291 Thread 0x000001b478c9a800 Uncommon trap: reason=unstable_if action=reinterpret pc=0x000001b465a55040 method=jdk.nio.zipfs.ZipPath.getFileName()Ljdk/nio/zipfs/ZipPath; @ 12 c2
Event: 56.291 Thread 0x000001b478c9a800 DEOPT PACKING pc=0x000001b465a55040 sp=0x0000003e882f9560
Event: 56.291 Thread 0x000001b478c9a800 DEOPT UNPACKING pc=0x000001b45d72782f sp=0x0000003e882f9518 mode 2
Event: 56.305 Thread 0x000001b478c9a800 Uncommon trap: trap_request=0xfffffff4 fr.pc=0x000001b465a5c6b4 relative=0x0000000000000874
Event: 56.305 Thread 0x000001b478c9a800 Uncommon trap: reason=null_check action=make_not_entrant pc=0x000001b465a5c6b4 method=jdk.nio.zipfs.ZipFileSystem.getInode([B)Ljdk/nio/zipfs/ZipFileSystem$IndexNode; @ 26 c2
Event: 56.305 Thread 0x000001b478c9a800 DEOPT PACKING pc=0x000001b465a5c6b4 sp=0x0000003e882f94c0
Event: 56.305 Thread 0x000001b478c9a800 DEOPT UNPACKING pc=0x000001b45d72782f sp=0x0000003e882f9428 mode 2

Classes redefined (0 events):
No events

Internal exceptions (20 events):
Event: 33.182 Thread 0x000001b478c9c000 Exception <a 'java/lang/NoSuchMethodError'{0x000000008e5dfda0}: 'java.lang.Object java.lang.invoke.DirectMethodHandle$Holder.invokeStatic(java.lang.Object, java.lang.Object, long)'> (0x000000008e5dfda0) thrown at [./src/hotspot/share/interpreter/linkResolver.cpp, line 773]
Event: 33.183 Thread 0x000001b478c9c000 Exception <a 'java/lang/NoSuchMethodError'{0x000000008e5e6318}: 'java.lang.Object java.lang.invoke.Invokers$Holder.linkToTargetMethod(java.lang.Object, long, java.lang.Object)'> (0x000000008e5e6318) thrown at [./src/hotspot/share/interpreter/linkResolver.cpp, line 773]
Event: 33.229 Thread 0x000001b4747b7000 Implicit null exception at 0x000001b4658715c5 to 0x000001b4658742e4
Event: 33.548 Thread 0x000001b478c9c000 Exception <a 'java/lang/NoSuchMethodError'{0x000000008cf516d0}: 'int java.lang.invoke.DirectMethodHandle$Holder.invokeSpecialIFC(java.lang.Object, java.lang.Object, java.lang.Object)'> (0x000000008cf516d0) thrown at [./src/hotspot/share/interpreter/linkResolver.cpp, line 773]
Event: 34.298 Thread 0x000001b4747b7000 Exception <a 'java/lang/NoSuchMethodError'{0x0000000089e17b60}: 'int java.lang.invoke.DirectMethodHandle$Holder.invokeSpecial(java.lang.Object, java.lang.Object, java.lang.Object, java.lang.Object, java.lang.Object)'> (0x0000000089e17b60) thrown at [./src/hotspot/share/interpreter/linkResolver.cpp, line 773]
Event: 38.713 Thread 0x000001b478c9c000 Exception <a 'sun/nio/fs/WindowsException'{0x000000008d659d20}> (0x000000008d659d20) thrown at [./src/hotspot/share/prims/jni.cpp, line 615]
Event: 38.715 Thread 0x000001b478c9c000 Exception <a 'sun/nio/fs/WindowsException'{0x000000008d66eec8}> (0x000000008d66eec8) thrown at [./src/hotspot/share/prims/jni.cpp, line 615]
Event: 38.715 Thread 0x000001b478c9c000 Exception <a 'sun/nio/fs/WindowsException'{0x000000008d66efb0}> (0x000000008d66efb0) thrown at [./src/hotspot/share/prims/jni.cpp, line 615]
Event: 43.453 Thread 0x000001b478c9a800 Exception <a 'sun/nio/fs/WindowsException'{0x000000008dd77240}> (0x000000008dd77240) thrown at [./src/hotspot/share/prims/jni.cpp, line 615]
Event: 43.453 Thread 0x000001b478c9a800 Exception <a 'sun/nio/fs/WindowsException'{0x000000008dda00a0}> (0x000000008dda00a0) thrown at [./src/hotspot/share/prims/jni.cpp, line 615]
Event: 43.454 Thread 0x000001b478c9a800 Exception <a 'sun/nio/fs/WindowsException'{0x000000008ddaa930}> (0x000000008ddaa930) thrown at [./src/hotspot/share/prims/jni.cpp, line 615]
Event: 43.454 Thread 0x000001b478c9a800 Exception <a 'sun/nio/fs/WindowsException'{0x000000008ddab850}> (0x000000008ddab850) thrown at [./src/hotspot/share/prims/jni.cpp, line 615]
Event: 43.455 Thread 0x000001b478c9a800 Exception <a 'sun/nio/fs/WindowsException'{0x000000008ddb2768}> (0x000000008ddb2768) thrown at [./src/hotspot/share/prims/jni.cpp, line 615]
Event: 43.455 Thread 0x000001b478c9a800 Exception <a 'sun/nio/fs/WindowsException'{0x000000008ddb3698}> (0x000000008ddb3698) thrown at [./src/hotspot/share/prims/jni.cpp, line 615]
Event: 55.601 Thread 0x000001b478c9a800 Exception <a 'java/lang/NoSuchMethodError'{0x000000008a00c7f8}: 'java.lang.Object java.lang.invoke.Invokers$Holder.linkToTargetMethod(java.lang.Object, java.lang.Object, java.lang.Object, int, int, java.lang.Object)'> (0x000000008a00c7f8) thrown at [./src/hotspot/share/interpreter/linkResolver.cpp, line 773]
Event: 55.683 Thread 0x000001b478c9a800 Exception <a 'java/lang/NoSuchMethodError'{0x0000000089f4ae60}: 'int java.lang.invoke.DirectMethodHandle$Holder.invokeVirtual(java.lang.Object, java.lang.Object, java.lang.Object)'> (0x0000000089f4ae60) thrown at [./src/hotspot/share/interpreter/linkResolver.cpp, line 773]
Event: 55.908 Thread 0x000001b478c9a800 Exception <a 'java/lang/NoSuchMethodError'{0x0000000089363100}: 'int java.lang.invoke.DirectMethodHandle$Holder.invokeVirtual(java.lang.Object, java.lang.Object)'> (0x0000000089363100) thrown at [./src/hotspot/share/interpreter/linkResolver.cpp, line 773]
Event: 56.187 Thread 0x000001b478c9a800 Exception <a 'sun/nio/fs/WindowsException'{0x000000008e290500}> (0x000000008e290500) thrown at [./src/hotspot/share/prims/jni.cpp, line 615]
Event: 56.187 Thread 0x000001b478c9a800 Exception <a 'sun/nio/fs/WindowsException'{0x000000008e290608}> (0x000000008e290608) thrown at [./src/hotspot/share/prims/jni.cpp, line 615]
Event: 56.305 Thread 0x000001b478c9a800 Implicit null exception at 0x000001b465a5c0b7 to 0x000001b465a5c6a8

Events (20 events):
Event: 56.205 Executing VM operation: ICBufferFull
Event: 56.206 Executing VM operation: ICBufferFull done
Event: 56.210 loading class java/nio/file/AccessDeniedException
Event: 56.210 loading class java/nio/file/AccessDeniedException done
Event: 56.237 loading class java/time/DateTimeException
Event: 56.237 loading class java/time/DateTimeException done
Event: 56.238 loading class java/util/regex/PatternSyntaxException
Event: 56.238 loading class java/util/regex/PatternSyntaxException done
Event: 56.239 loading class java/nio/file/SimpleFileVisitor
Event: 56.239 loading class java/nio/file/SimpleFileVisitor done
Event: 56.240 loading class java/nio/file/ClosedDirectoryStreamException
Event: 56.240 loading class java/nio/file/ClosedDirectoryStreamException done
Event: 56.240 loading class java/nio/file/DirectoryIteratorException
Event: 56.240 loading class java/nio/file/DirectoryIteratorException done
Event: 56.292 loading class com/sun/tools/javac/code/Symbol$PackageSymbol
Event: 56.292 loading class com/sun/tools/javac/code/Symbol$PackageSymbol done
Event: 56.292 loading class com/sun/tools/javac/code/ClassFinder
Event: 56.292 loading class com/sun/tools/javac/code/ClassFinder done
Event: 56.301 Executing VM operation: ICBufferFull
Event: 56.301 Executing VM operation: ICBufferFull done


Dynamic libraries:
0x00007ff76b240000 - 0x00007ff76b24a000 	C:\Program Files\Android\Android Studio\jre\bin\java.exe
0x00007ffc4e3d0000 - 0x00007ffc4e5c5000 	C:\Windows\SYSTEM32\ntdll.dll
0x00007ffc4cee0000 - 0x00007ffc4cf9e000 	C:\Windows\System32\KERNEL32.DLL
0x00007ffc4bac0000 - 0x00007ffc4bd88000 	C:\Windows\System32\KERNELBASE.dll
0x00007ffc4bd90000 - 0x00007ffc4be90000 	C:\Windows\System32\ucrtbase.dll
0x00007ffc2dac0000 - 0x00007ffc2dad9000 	C:\Program Files\Android\Android Studio\jre\bin\jli.dll
0x00007ffc4d540000 - 0x00007ffc4d6e1000 	C:\Windows\System32\USER32.dll
0x00007ffc3f920000 - 0x00007ffc3fbba000 	C:\Windows\WinSxS\amd64_microsoft.windows.common-controls_6595b64144ccf1df_6.0.19041.1110_none_60b5254171f9507e\COMCTL32.dll
0x00007ffc2a830000 - 0x00007ffc2a847000 	C:\Program Files\Android\Android Studio\jre\bin\VCRUNTIME140.dll
0x00007ffc4c310000 - 0x00007ffc4c332000 	C:\Windows\System32\win32u.dll
0x00007ffc4c3f0000 - 0x00007ffc4c48e000 	C:\Windows\System32\msvcrt.dll
0x00007ffc4c490000 - 0x00007ffc4c4bb000 	C:\Windows\System32\GDI32.dll
0x00007ffc4c0a0000 - 0x00007ffc4c1ab000 	C:\Windows\System32\gdi32full.dll
0x00007ffc4c000000 - 0x00007ffc4c09d000 	C:\Windows\System32\msvcp_win.dll
0x00007ffc4c6f0000 - 0x00007ffc4c720000 	C:\Windows\System32\IMM32.DLL
0x00007ffc0c610000 - 0x00007ffc0c6ad000 	C:\Program Files\Android\Android Studio\jre\bin\msvcp140.dll
0x00007ffbf6050000 - 0x00007ffbf6b1f000 	C:\Program Files\Android\Android Studio\jre\bin\server\jvm.dll
0x00007ffc4e180000 - 0x00007ffc4e22c000 	C:\Windows\System32\ADVAPI32.dll
0x00007ffc4e0e0000 - 0x00007ffc4e17b000 	C:\Windows\System32\sechost.dll
0x00007ffc4e230000 - 0x00007ffc4e35a000 	C:\Windows\System32\RPCRT4.dll
0x00007ffc4dc50000 - 0x00007ffc4dc58000 	C:\Windows\System32\PSAPI.DLL
0x00007ffc45c60000 - 0x00007ffc45c87000 	C:\Windows\SYSTEM32\WINMM.dll
0x00007ffc45c90000 - 0x00007ffc45c9a000 	C:\Windows\SYSTEM32\VERSION.dll
0x00007ffc479c0000 - 0x00007ffc479c9000 	C:\Windows\SYSTEM32\WSOCK32.dll
0x00007ffc4d030000 - 0x00007ffc4d09b000 	C:\Windows\System32\WS2_32.dll
0x00007ffc499e0000 - 0x00007ffc499f2000 	C:\Windows\SYSTEM32\kernel.appcore.dll
0x00007ffc42f10000 - 0x00007ffc42f21000 	C:\Program Files\Android\Android Studio\jre\bin\verify.dll
0x00007ffc3a810000 - 0x00007ffc3a9f4000 	C:\Windows\SYSTEM32\DBGHELP.DLL
0x00007ffc39d00000 - 0x00007ffc39d2c000 	C:\Windows\SYSTEM32\dbgcore.DLL
0x00007ffc4be90000 - 0x00007ffc4bf13000 	C:\Windows\System32\bcryptPrimitives.dll
0x00007ffc3b7d0000 - 0x00007ffc3b7f9000 	C:\Program Files\Android\Android Studio\jre\bin\java.dll
0x00007ffc47540000 - 0x00007ffc4754b000 	C:\Program Files\Android\Android Studio\jre\bin\jimage.dll
0x00007ffc42e90000 - 0x00007ffc42ea8000 	C:\Program Files\Android\Android Studio\jre\bin\zip.dll
0x00007ffc4c720000 - 0x00007ffc4ce5f000 	C:\Windows\System32\SHELL32.dll
0x00007ffc49be0000 - 0x00007ffc4a370000 	C:\Windows\SYSTEM32\windows.storage.dll
0x00007ffc4d1d0000 - 0x00007ffc4d525000 	C:\Windows\System32\combase.dll
0x00007ffc4b440000 - 0x00007ffc4b46e000 	C:\Windows\SYSTEM32\Wldp.dll
0x00007ffc4c520000 - 0x00007ffc4c5cd000 	C:\Windows\System32\SHCORE.dll
0x00007ffc4def0000 - 0x00007ffc4df45000 	C:\Windows\System32\shlwapi.dll
0x00007ffc4ba00000 - 0x00007ffc4ba1f000 	C:\Windows\SYSTEM32\profapi.dll
0x00007ffc3da00000 - 0x00007ffc3da1a000 	C:\Program Files\Android\Android Studio\jre\bin\net.dll
0x00007ffc44f50000 - 0x00007ffc4505c000 	C:\Windows\SYSTEM32\WINHTTP.dll
0x00007ffc4b1a0000 - 0x00007ffc4b20a000 	C:\Windows\system32\mswsock.dll
0x00007ffc2e870000 - 0x00007ffc2e884000 	C:\Program Files\Android\Android Studio\jre\bin\nio.dll
0x00007ffc2bfc0000 - 0x00007ffc2bfe7000 	C:\Users\CQ\.gradle\native\fdc75f09e3144964f2cf3f50f0aa648679c211496f362492102eb8c894070792\windows-amd64\native-platform.dll
0x00007ffbf9800000 - 0x00007ffbf9996000 	C:\Users\CQ\.gradle\native\12488b8bf47d2d4c9fbf2f6322a914ad602e24e48041cd04a747c6da556b65c4\windows-amd64\native-platform-file-events.dll
0x00007ffc461e0000 - 0x00007ffc461ea000 	C:\Program Files\Android\Android Studio\jre\bin\management.dll
0x00007ffc46110000 - 0x00007ffc4611c000 	C:\Program Files\Android\Android Studio\jre\bin\management_ext.dll
0x00007ffc4b3a0000 - 0x00007ffc4b3b8000 	C:\Windows\SYSTEM32\CRYPTSP.dll
0x00007ffc4ab20000 - 0x00007ffc4ab54000 	C:\Windows\system32\rsaenh.dll
0x00007ffc4bf20000 - 0x00007ffc4bf47000 	C:\Windows\System32\bcrypt.dll
0x00007ffc4b930000 - 0x00007ffc4b95e000 	C:\Windows\SYSTEM32\USERENV.dll
0x00007ffc4b390000 - 0x00007ffc4b39c000 	C:\Windows\SYSTEM32\CRYPTBASE.dll
0x00007ffc4ae90000 - 0x00007ffc4aecb000 	C:\Windows\SYSTEM32\IPHLPAPI.DLL
0x00007ffc4d7c0000 - 0x00007ffc4d7c8000 	C:\Windows\System32\NSI.dll
0x00007ffc466b0000 - 0x00007ffc466c7000 	C:\Windows\SYSTEM32\dhcpcsvc6.DLL
0x00007ffc46620000 - 0x00007ffc4663d000 	C:\Windows\SYSTEM32\dhcpcsvc.DLL
0x00007ffc4aed0000 - 0x00007ffc4af9b000 	C:\Windows\SYSTEM32\DNSAPI.dll
0x00007ffc46700000 - 0x00007ffc4670b000 	C:\Windows\SYSTEM32\WINNSI.DLL

dbghelp: loaded successfully - version: 4.0.5 - missing functions: none
symbol engine: initialized successfully - sym options: 0x614 - pdb path: .;C:\Program Files\Android\Android Studio\jre\bin;C:\Windows\SYSTEM32;C:\Windows\WinSxS\amd64_microsoft.windows.common-controls_6595b64144ccf1df_6.0.19041.1110_none_60b5254171f9507e;C:\Program Files\Android\Android Studio\jre\bin\server;C:\Users\CQ\.gradle\native\fdc75f09e3144964f2cf3f50f0aa648679c211496f362492102eb8c894070792\windows-amd64;C:\Users\CQ\.gradle\native\12488b8bf47d2d4c9fbf2f6322a914ad602e24e48041cd04a747c6da556b65c4\windows-amd64

VM Arguments:
jvm_args: --add-opens=java.base/java.util=ALL-UNNAMED --add-opens=java.base/java.lang=ALL-UNNAMED --add-opens=java.base/java.lang.invoke=ALL-UNNAMED --add-opens=java.prefs/java.util.prefs=ALL-UNNAMED -Xmx2048m -Dfile.encoding=UTF-8 -Duser.country=CO -Duser.language=es -Duser.variant 
java_command: org.gradle.launcher.daemon.bootstrap.GradleDaemon 6.7.1
java_class_path (initial): C:\Users\CQ\.gradle\wrapper\dists\gradle-6.7.1-bin\bwlcbys1h7rz3272sye1xwiv6\gradle-6.7.1\lib\gradle-launcher-6.7.1.jar
Launcher Type: SUN_STANDARD

[Global flags]
     intx CICompilerCount                          = 3                                         {product} {ergonomic}
     uint ConcGCThreads                            = 1                                         {product} {ergonomic}
     uint G1ConcRefinementThreads                  = 4                                         {product} {ergonomic}
   size_t G1HeapRegionSize                         = 1048576                                   {product} {ergonomic}
    uintx GCDrainStackTargetSize                   = 64                                        {product} {ergonomic}
   size_t InitialHeapSize                          = 201326592                                 {product} {ergonomic}
   size_t MarkStackSize                            = 4194304                                   {product} {ergonomic}
   size_t MaxHeapSize                              = 2147483648                                {product} {command line}
   size_t MaxNewSize                               = 1287651328                                {product} {ergonomic}
   size_t MinHeapDeltaBytes                        = 1048576                                   {product} {ergonomic}
    uintx NonNMethodCodeHeapSize                   = 5830732                                {pd product} {ergonomic}
    uintx NonProfiledCodeHeapSize                  = 122913754                              {pd product} {ergonomic}
    uintx ProfiledCodeHeapSize                     = 122913754                              {pd product} {ergonomic}
    uintx ReservedCodeCacheSize                    = 251658240                              {pd product} {ergonomic}
     bool SegmentedCodeCache                       = true                                      {product} {ergonomic}
     bool UseCompressedClassPointers               = true                                 {lp64_product} {ergonomic}
     bool UseCompressedOops                        = true                                 {lp64_product} {ergonomic}
     bool UseG1GC                                  = true                                      {product} {ergonomic}
     bool UseLargePagesIndividualAllocation        = false                                  {pd product} {ergonomic}

Logging:
Log output configuration:
 #0: stdout all=warning uptime,level,tags
 #1: stderr all=off uptime,level,tags

Environment Variables:
PATH=C:\Program Files (x86)\NVIDIA Corporation\PhysX\Common;c:\program files\microsoft mpi\bin\;c:\program files\common files\oracle\java\javapath;c:\program files (x86)\common files\oracle\java\javapath;c:\windows\system32;c:\windows;c:\windows\system32\wbem;c:\windows\system32\windowspowershell\v1.0\;c:\windows\system32\openssh\;c:\program files\dotnet\;c:\program files (x86)\microsoft sql server\150\tools\binn\;c:\program files\microsoft sql server\150\tools\binn\;c:\program files (x86)\microsoft sql server\150\dts\binn\;c:\program files\microsoft sql server\150\dts\binn\;c:\program files\microsoft sql server\client sdk\odbc\170\tools\binn\;c:\program files\azure data studio\bin;c:\program files\git\cmd;c:\program files\nvidia corporation\nvidia nvdlisr;C:\Users\CQ\AppData\Local\Microsoft\WindowsApps;C:\Users\CQ\AppData\Local\Programs\Microsoft VS Code\bin;C:\Users\CQ\.dotnet\tools;C:\Program Files\Azure Data Studio\bin;C:\Users\CQ\AppData\Local\GitHubDesktop\bin
USERNAME=CQ
OS=Windows_NT
PROCESSOR_IDENTIFIER=Intel64 Family 6 Model 58 Stepping 9, GenuineIntel



---------------  S Y S T E M  ---------------

OS: Windows 10 , 64 bit Build 19041 (10.0.19041.1348)
OS uptime: 2 days 5:05 hours

CPU:total 4 (initial active 4) (4 cores per cpu, 1 threads per core) family 6 model 58 stepping 9 microcode 0x21, cmov, cx8, fxsr, mmx, sse, sse2, sse3, ssse3, sse4.1, sse4.2, popcnt, avx, aes, clmul, erms, tsc, tscinvbit, tscinv

Memory: 4k page, system-wide physical 12162M (1944M free)
TotalPageFile size 18818M (AvailPageFile size 3461M)
current process WorkingSet (physical memory assigned to process): 508M, peak: 515M
current process commit charge ("private bytes"): 537M, peak: 549M

vm_info: OpenJDK 64-Bit Server VM (11.0.10+0-b96-7249189) for windows-amd64 JRE (11.0.10+0-b96-7249189), built on Mar 31 2021 21:44:00 by "builder" with MS VC++ 14.0 (VS2015)

END.
